The target system is: Android - 1 - x86_64
The host system is: Linux - 5.4.0-135-generic - x86_64
Determining if the C compiler works passed with the following output:
Change Dir: /home/rev/Downloads/rev_wip/rev_android/rev_react_native/Owki/android/Rev-Lib-WebRTC/.cxx/Debug/1t1881v4/x86_64/CMakeFiles/CMakeTmp

Run Build Command:"/home/rev/Downloads/rev_data/rev_progs/rev_android_studio/rev_and_studio_sdk/cmake/3.6.4111459/bin/ninja" "cmTC_c7bd2"
[1/2] Building C object CMakeFiles/cmTC_c7bd2.dir/testCCompiler.c.o
[2/2] Linking C executable cmTC_c7bd2


Detecting C compiler ABI info compiled with the following output:
Change Dir: /home/rev/Downloads/rev_wip/rev_android/rev_react_native/Owki/android/Rev-Lib-WebRTC/.cxx/Debug/1t1881v4/x86_64/CMakeFiles/CMakeTmp

Run Build Command:"/home/rev/Downloads/rev_data/rev_progs/rev_android_studio/rev_and_studio_sdk/cmake/3.6.4111459/bin/ninja" "cmTC_d2974"
[1/2] Building C object CMakeFiles/cmTC_d2974.dir/CMakeCCompilerABI.c.o
[2/2] Linking C executable cmTC_d2974
Android (8490178, based on r450784d) clang version 14.0.6 (https://android.googlesource.com/toolchain/llvm-project 4c603efb0cca074e9238af8b4106c30add4418f6)
Target: x86_64-none-linux-android21
Thread model: posix
InstalledDir: /home/rev/Downloads/rev_data/rev_progs/rev_android_studio/android-ndk-r25b-linux/android-ndk-r25b/toolchains/llvm/prebuilt/linux-x86_64/bin
 "/home/rev/Downloads/rev_data/rev_progs/rev_android_studio/android-ndk-r25b-linux/android-ndk-r25b/toolchains/llvm/prebuilt/linux-x86_64/bin/ld" --sysroot=/home/rev/Downloads/rev_data/rev_progs/rev_android_studio/android-ndk-r25b-linux/android-ndk-r25b/toolchains/llvm/prebuilt/linux-x86_64/sysroot -pie --warn-shared-textrel -z now -z relro --hash-style=gnu --hash-style=both --enable-new-dtags --eh-frame-hdr -m elf_x86_64 -dynamic-linker /system/bin/linker64 -o cmTC_d2974 /home/rev/Downloads/rev_data/rev_progs/rev_android_studio/android-ndk-r25b-linux/android-ndk-r25b/toolchains/llvm/prebuilt/linux-x86_64/sysroot/usr/lib/x86_64-linux-android/21/crtbegin_dynamic.o -L/home/rev/Downloads/rev_data/rev_progs/rev_android_studio/android-ndk-r25b-linux/android-ndk-r25b/toolchains/llvm/prebuilt/linux-x86_64/lib64/clang/14.0.6/lib/linux/x86_64 -L/home/rev/Downloads/rev_data/rev_progs/rev_android_studio/android-ndk-r25b-linux/android-ndk-r25b/toolchains/llvm/prebuilt/linux-x86_64/sysroot/usr/lib/x86_64-linux-android/21 -L/home/rev/Downloads/rev_data/rev_progs/rev_android_studio/android-ndk-r25b-linux/android-ndk-r25b/toolchains/llvm/prebuilt/linux-x86_64/sysroot/usr/lib/x86_64-linux-android -L/home/rev/Downloads/rev_data/rev_progs/rev_android_studio/android-ndk-r25b-linux/android-ndk-r25b/toolchains/llvm/prebuilt/linux-x86_64/sysroot/usr/lib --build-id=sha1 --no-rosegment --fatal-warnings --gc-sections --no-undefined --gc-sections CMakeFiles/cmTC_d2974.dir/CMakeCCompilerABI.c.o /home/rev/Downloads/rev_data/rev_progs/rev_android_studio/android-ndk-r25b-linux/android-ndk-r25b/toolchains/llvm/prebuilt/linux-x86_64/lib64/clang/14.0.6/lib/linux/libclang_rt.builtins-x86_64-android.a -l:libunwind.a -ldl -lc /home/rev/Downloads/rev_data/rev_progs/rev_android_studio/android-ndk-r25b-linux/android-ndk-r25b/toolchains/llvm/prebuilt/linux-x86_64/lib64/clang/14.0.6/lib/linux/libclang_rt.builtins-x86_64-android.a -l:libunwind.a -ldl /home/rev/Downloads/rev_data/rev_progs/rev_android_studio/android-ndk-r25b-linux/android-ndk-r25b/toolchains/llvm/prebuilt/linux-x86_64/sysroot/usr/lib/x86_64-linux-android/21/crtend_android.o


Parsed C implicit link information from above output:
  link line regex: [^( *|.*[/\])(CMAKE_LINKER-NOTFOUND|([^/\]+-)?ld|collect2)[^/\]*( |$)]
  ignore line: [Change Dir: /home/rev/Downloads/rev_wip/rev_android/rev_react_native/Owki/android/Rev-Lib-WebRTC/.cxx/Debug/1t1881v4/x86_64/CMakeFiles/CMakeTmp]
  ignore line: []
  ignore line: [Run Build Command:"/home/rev/Downloads/rev_data/rev_progs/rev_android_studio/rev_and_studio_sdk/cmake/3.6.4111459/bin/ninja" "cmTC_d2974"]
  ignore line: [[1/2] Building C object CMakeFiles/cmTC_d2974.dir/CMakeCCompilerABI.c.o]
  ignore line: [[2/2] Linking C executable cmTC_d2974]
  ignore line: [Android (8490178, based on r450784d) clang version 14.0.6 (https://android.googlesource.com/toolchain/llvm-project 4c603efb0cca074e9238af8b4106c30add4418f6)]
  ignore line: [Target: x86_64-none-linux-android21]
  ignore line: [Thread model: posix]
  ignore line: [InstalledDir: /home/rev/Downloads/rev_data/rev_progs/rev_android_studio/android-ndk-r25b-linux/android-ndk-r25b/toolchains/llvm/prebuilt/linux-x86_64/bin]
  link line: [ "/home/rev/Downloads/rev_data/rev_progs/rev_android_studio/android-ndk-r25b-linux/android-ndk-r25b/toolchains/llvm/prebuilt/linux-x86_64/bin/ld" --sysroot=/home/rev/Downloads/rev_data/rev_progs/rev_android_studio/android-ndk-r25b-linux/android-ndk-r25b/toolchains/llvm/prebuilt/linux-x86_64/sysroot -pie --warn-shared-textrel -z now -z relro --hash-style=gnu --hash-style=both --enable-new-dtags --eh-frame-hdr -m elf_x86_64 -dynamic-linker /system/bin/linker64 -o cmTC_d2974 /home/rev/Downloads/rev_data/rev_progs/rev_android_studio/android-ndk-r25b-linux/android-ndk-r25b/toolchains/llvm/prebuilt/linux-x86_64/sysroot/usr/lib/x86_64-linux-android/21/crtbegin_dynamic.o -L/home/rev/Downloads/rev_data/rev_progs/rev_android_studio/android-ndk-r25b-linux/android-ndk-r25b/toolchains/llvm/prebuilt/linux-x86_64/lib64/clang/14.0.6/lib/linux/x86_64 -L/home/rev/Downloads/rev_data/rev_progs/rev_android_studio/android-ndk-r25b-linux/android-ndk-r25b/toolchains/llvm/prebuilt/linux-x86_64/sysroot/usr/lib/x86_64-linux-android/21 -L/home/rev/Downloads/rev_data/rev_progs/rev_android_studio/android-ndk-r25b-linux/android-ndk-r25b/toolchains/llvm/prebuilt/linux-x86_64/sysroot/usr/lib/x86_64-linux-android -L/home/rev/Downloads/rev_data/rev_progs/rev_android_studio/android-ndk-r25b-linux/android-ndk-r25b/toolchains/llvm/prebuilt/linux-x86_64/sysroot/usr/lib --build-id=sha1 --no-rosegment --fatal-warnings --gc-sections --no-undefined --gc-sections CMakeFiles/cmTC_d2974.dir/CMakeCCompilerABI.c.o /home/rev/Downloads/rev_data/rev_progs/rev_android_studio/android-ndk-r25b-linux/android-ndk-r25b/toolchains/llvm/prebuilt/linux-x86_64/lib64/clang/14.0.6/lib/linux/libclang_rt.builtins-x86_64-android.a -l:libunwind.a -ldl -lc /home/rev/Downloads/rev_data/rev_progs/rev_android_studio/android-ndk-r25b-linux/android-ndk-r25b/toolchains/llvm/prebuilt/linux-x86_64/lib64/clang/14.0.6/lib/linux/libclang_rt.builtins-x86_64-android.a -l:libunwind.a -ldl /home/rev/Downloads/rev_data/rev_progs/rev_android_studio/android-ndk-r25b-linux/android-ndk-r25b/toolchains/llvm/prebuilt/linux-x86_64/sysroot/usr/lib/x86_64-linux-android/21/crtend_android.o]
    arg [/home/rev/Downloads/rev_data/rev_progs/rev_android_studio/android-ndk-r25b-linux/android-ndk-r25b/toolchains/llvm/prebuilt/linux-x86_64/bin/ld] ==> ignore
    arg [--sysroot=/home/rev/Downloads/rev_data/rev_progs/rev_android_studio/android-ndk-r25b-linux/android-ndk-r25b/toolchains/llvm/prebuilt/linux-x86_64/sysroot] ==> ignore
    arg [-pie] ==> ignore
    arg [--warn-shared-textrel] ==> ignore
    arg [-znow] ==> ignore
    arg [-zrelro] ==> ignore
    arg [--hash-style=gnu] ==> ignore
    arg [--hash-style=both] ==> ignore
    arg [--enable-new-dtags] ==> ignore
    arg [--eh-frame-hdr] ==> ignore
    arg [-m] ==> ignore
    arg [elf_x86_64] ==> ignore
    arg [-dynamic-linker] ==> ignore
    arg [/system/bin/linker64] ==> ignore
    arg [-o] ==> ignore
    arg [cmTC_d2974] ==> ignore
    arg [/home/rev/Downloads/rev_data/rev_progs/rev_android_studio/android-ndk-r25b-linux/android-ndk-r25b/toolchains/llvm/prebuilt/linux-x86_64/sysroot/usr/lib/x86_64-linux-android/21/crtbegin_dynamic.o] ==> ignore
    arg [-L/home/rev/Downloads/rev_data/rev_progs/rev_android_studio/android-ndk-r25b-linux/android-ndk-r25b/toolchains/llvm/prebuilt/linux-x86_64/lib64/clang/14.0.6/lib/linux/x86_64] ==> dir [/home/rev/Downloads/rev_data/rev_progs/rev_android_studio/android-ndk-r25b-linux/android-ndk-r25b/toolchains/llvm/prebuilt/linux-x86_64/lib64/clang/14.0.6/lib/linux/x86_64]
    arg [-L/home/rev/Downloads/rev_data/rev_progs/rev_android_studio/android-ndk-r25b-linux/android-ndk-r25b/toolchains/llvm/prebuilt/linux-x86_64/sysroot/usr/lib/x86_64-linux-android/21] ==> dir [/home/rev/Downloads/rev_data/rev_progs/rev_android_studio/android-ndk-r25b-linux/android-ndk-r25b/toolchains/llvm/prebuilt/linux-x86_64/sysroot/usr/lib/x86_64-linux-android/21]
    arg [-L/home/rev/Downloads/rev_data/rev_progs/rev_android_studio/android-ndk-r25b-linux/android-ndk-r25b/toolchains/llvm/prebuilt/linux-x86_64/sysroot/usr/lib/x86_64-linux-android] ==> dir [/home/rev/Downloads/rev_data/rev_progs/rev_android_studio/android-ndk-r25b-linux/android-ndk-r25b/toolchains/llvm/prebuilt/linux-x86_64/sysroot/usr/lib/x86_64-linux-android]
    arg [-L/home/rev/Downloads/rev_data/rev_progs/rev_android_studio/android-ndk-r25b-linux/android-ndk-r25b/toolchains/llvm/prebuilt/linux-x86_64/sysroot/usr/lib] ==> dir [/home/rev/Downloads/rev_data/rev_progs/rev_android_studio/android-ndk-r25b-linux/android-ndk-r25b/toolchains/llvm/prebuilt/linux-x86_64/sysroot/usr/lib]
    arg [--build-id=sha1] ==> ignore
    arg [--no-rosegment] ==> ignore
    arg [--fatal-warnings] ==> ignore
    arg [--gc-sections] ==> ignore
    arg [--no-undefined] ==> ignore
    arg [--gc-sections] ==> ignore
    arg [CMakeFiles/cmTC_d2974.dir/CMakeCCompilerABI.c.o] ==> ignore
    arg [/home/rev/Downloads/rev_data/rev_progs/rev_android_studio/android-ndk-r25b-linux/android-ndk-r25b/toolchains/llvm/prebuilt/linux-x86_64/lib64/clang/14.0.6/lib/linux/libclang_rt.builtins-x86_64-android.a] ==> lib [/home/rev/Downloads/rev_data/rev_progs/rev_android_studio/android-ndk-r25b-linux/android-ndk-r25b/toolchains/llvm/prebuilt/linux-x86_64/lib64/clang/14.0.6/lib/linux/libclang_rt.builtins-x86_64-android.a]
    arg [-l:libunwind.a] ==> lib [-l:libunwind.a]
    arg [-ldl] ==> lib [dl]
    arg [-lc] ==> lib [c]
    arg [/home/rev/Downloads/rev_data/rev_progs/rev_android_studio/android-ndk-r25b-linux/android-ndk-r25b/toolchains/llvm/prebuilt/linux-x86_64/lib64/clang/14.0.6/lib/linux/libclang_rt.builtins-x86_64-android.a] ==> lib [/home/rev/Downloads/rev_data/rev_progs/rev_android_studio/android-ndk-r25b-linux/android-ndk-r25b/toolchains/llvm/prebuilt/linux-x86_64/lib64/clang/14.0.6/lib/linux/libclang_rt.builtins-x86_64-android.a]
    arg [-l:libunwind.a] ==> lib [-l:libunwind.a]
    arg [-ldl] ==> lib [dl]
    arg [/home/rev/Downloads/rev_data/rev_progs/rev_android_studio/android-ndk-r25b-linux/android-ndk-r25b/toolchains/llvm/prebuilt/linux-x86_64/sysroot/usr/lib/x86_64-linux-android/21/crtend_android.o] ==> ignore
  collapse library dir [/home/rev/Downloads/rev_data/rev_progs/rev_android_studio/android-ndk-r25b-linux/android-ndk-r25b/toolchains/llvm/prebuilt/linux-x86_64/lib64/clang/14.0.6/lib/linux/x86_64] ==> [/home/rev/Downloads/rev_data/rev_progs/rev_android_studio/android-ndk-r25b-linux/android-ndk-r25b/toolchains/llvm/prebuilt/linux-x86_64/lib64/clang/14.0.6/lib/linux/x86_64]
  collapse library dir [/home/rev/Downloads/rev_data/rev_progs/rev_android_studio/android-ndk-r25b-linux/android-ndk-r25b/toolchains/llvm/prebuilt/linux-x86_64/sysroot/usr/lib/x86_64-linux-android/21] ==> [/home/rev/Downloads/rev_data/rev_progs/rev_android_studio/android-ndk-r25b-linux/android-ndk-r25b/toolchains/llvm/prebuilt/linux-x86_64/sysroot/usr/lib/x86_64-linux-android/21]
  collapse library dir [/home/rev/Downloads/rev_data/rev_progs/rev_android_studio/android-ndk-r25b-linux/android-ndk-r25b/toolchains/llvm/prebuilt/linux-x86_64/sysroot/usr/lib/x86_64-linux-android] ==> [/home/rev/Downloads/rev_data/rev_progs/rev_android_studio/android-ndk-r25b-linux/android-ndk-r25b/toolchains/llvm/prebuilt/linux-x86_64/sysroot/usr/lib/x86_64-linux-android]
  collapse library dir [/home/rev/Downloads/rev_data/rev_progs/rev_android_studio/android-ndk-r25b-linux/android-ndk-r25b/toolchains/llvm/prebuilt/linux-x86_64/sysroot/usr/lib] ==> [/home/rev/Downloads/rev_data/rev_progs/rev_android_studio/android-ndk-r25b-linux/android-ndk-r25b/toolchains/llvm/prebuilt/linux-x86_64/sysroot/usr/lib]
  implicit libs: [/home/rev/Downloads/rev_data/rev_progs/rev_android_studio/android-ndk-r25b-linux/android-ndk-r25b/toolchains/llvm/prebuilt/linux-x86_64/lib64/clang/14.0.6/lib/linux/libclang_rt.builtins-x86_64-android.a;-l:libunwind.a;dl;c;/home/rev/Downloads/rev_data/rev_progs/rev_android_studio/android-ndk-r25b-linux/android-ndk-r25b/toolchains/llvm/prebuilt/linux-x86_64/lib64/clang/14.0.6/lib/linux/libclang_rt.builtins-x86_64-android.a;-l:libunwind.a;dl]
  implicit dirs: [/home/rev/Downloads/rev_data/rev_progs/rev_android_studio/android-ndk-r25b-linux/android-ndk-r25b/toolchains/llvm/prebuilt/linux-x86_64/lib64/clang/14.0.6/lib/linux/x86_64;/home/rev/Downloads/rev_data/rev_progs/rev_android_studio/android-ndk-r25b-linux/android-ndk-r25b/toolchains/llvm/prebuilt/linux-x86_64/sysroot/usr/lib/x86_64-linux-android/21;/home/rev/Downloads/rev_data/rev_progs/rev_android_studio/android-ndk-r25b-linux/android-ndk-r25b/toolchains/llvm/prebuilt/linux-x86_64/sysroot/usr/lib/x86_64-linux-android;/home/rev/Downloads/rev_data/rev_progs/rev_android_studio/android-ndk-r25b-linux/android-ndk-r25b/toolchains/llvm/prebuilt/linux-x86_64/sysroot/usr/lib]
  implicit fwks: []




Detecting C [-std=c11] compiler features compiled with the following output:
Change Dir: /home/rev/Downloads/rev_wip/rev_android/rev_react_native/Owki/android/Rev-Lib-WebRTC/.cxx/Debug/1t1881v4/x86_64/CMakeFiles/CMakeTmp

Run Build Command:"/home/rev/Downloads/rev_data/rev_progs/rev_android_studio/rev_and_studio_sdk/cmake/3.6.4111459/bin/ninja" "cmTC_18a9c"
[1/2] Building C object CMakeFiles/cmTC_18a9c.dir/feature_tests.c.o
[2/2] Linking C executable cmTC_18a9c


    Feature record: C_FEATURE:1c_function_prototypes
    Feature record: C_FEATURE:1c_restrict
    Feature record: C_FEATURE:1c_static_assert
    Feature record: C_FEATURE:1c_variadic_macros


Detecting C [-std=c99] compiler features compiled with the following output:
Change Dir: /home/rev/Downloads/rev_wip/rev_android/rev_react_native/Owki/android/Rev-Lib-WebRTC/.cxx/Debug/1t1881v4/x86_64/CMakeFiles/CMakeTmp

Run Build Command:"/home/rev/Downloads/rev_data/rev_progs/rev_android_studio/rev_and_studio_sdk/cmake/3.6.4111459/bin/ninja" "cmTC_3f890"
[1/2] Building C object CMakeFiles/cmTC_3f890.dir/feature_tests.c.o
[2/2] Linking C executable cmTC_3f890


    Feature record: C_FEATURE:1c_function_prototypes
    Feature record: C_FEATURE:1c_restrict
    Feature record: C_FEATURE:0c_static_assert
    Feature record: C_FEATURE:1c_variadic_macros


Detecting C [-std=c90] compiler features compiled with the following output:
Change Dir: /home/rev/Downloads/rev_wip/rev_android/rev_react_native/Owki/android/Rev-Lib-WebRTC/.cxx/Debug/1t1881v4/x86_64/CMakeFiles/CMakeTmp

Run Build Command:"/home/rev/Downloads/rev_data/rev_progs/rev_android_studio/rev_and_studio_sdk/cmake/3.6.4111459/bin/ninja" "cmTC_dbc00"
[1/2] Building C object CMakeFiles/cmTC_dbc00.dir/feature_tests.c.o
[2/2] Linking C executable cmTC_dbc00


    Feature record: C_FEATURE:1c_function_prototypes
    Feature record: C_FEATURE:0c_restrict
    Feature record: C_FEATURE:0c_static_assert
    Feature record: C_FEATURE:0c_variadic_macros
Determining if the CXX compiler works passed with the following output:
Change Dir: /home/rev/Downloads/rev_wip/rev_android/rev_react_native/Owki/android/Rev-Lib-WebRTC/.cxx/Debug/1t1881v4/x86_64/CMakeFiles/CMakeTmp

Run Build Command:"/home/rev/Downloads/rev_data/rev_progs/rev_android_studio/rev_and_studio_sdk/cmake/3.6.4111459/bin/ninja" "cmTC_6558d"
[1/2] Building CXX object CMakeFiles/cmTC_6558d.dir/testCXXCompiler.cxx.o
[2/2] Linking CXX executable cmTC_6558d


Detecting CXX compiler ABI info compiled with the following output:
Change Dir: /home/rev/Downloads/rev_wip/rev_android/rev_react_native/Owki/android/Rev-Lib-WebRTC/.cxx/Debug/1t1881v4/x86_64/CMakeFiles/CMakeTmp

Run Build Command:"/home/rev/Downloads/rev_data/rev_progs/rev_android_studio/rev_and_studio_sdk/cmake/3.6.4111459/bin/ninja" "cmTC_e1d3b"
[1/2] Building CXX object CMakeFiles/cmTC_e1d3b.dir/CMakeCXXCompilerABI.cpp.o
[2/2] Linking CXX executable cmTC_e1d3b
Android (8490178, based on r450784d) clang version 14.0.6 (https://android.googlesource.com/toolchain/llvm-project 4c603efb0cca074e9238af8b4106c30add4418f6)
Target: x86_64-none-linux-android21
Thread model: posix
InstalledDir: /home/rev/Downloads/rev_data/rev_progs/rev_android_studio/android-ndk-r25b-linux/android-ndk-r25b/toolchains/llvm/prebuilt/linux-x86_64/bin
 "/home/rev/Downloads/rev_data/rev_progs/rev_android_studio/android-ndk-r25b-linux/android-ndk-r25b/toolchains/llvm/prebuilt/linux-x86_64/bin/ld" --sysroot=/home/rev/Downloads/rev_data/rev_progs/rev_android_studio/android-ndk-r25b-linux/android-ndk-r25b/toolchains/llvm/prebuilt/linux-x86_64/sysroot -pie --warn-shared-textrel -z now -z relro --hash-style=gnu --hash-style=both --enable-new-dtags --eh-frame-hdr -m elf_x86_64 -dynamic-linker /system/bin/linker64 -o cmTC_e1d3b /home/rev/Downloads/rev_data/rev_progs/rev_android_studio/android-ndk-r25b-linux/android-ndk-r25b/toolchains/llvm/prebuilt/linux-x86_64/sysroot/usr/lib/x86_64-linux-android/21/crtbegin_dynamic.o -L/home/rev/Downloads/rev_data/rev_progs/rev_android_studio/android-ndk-r25b-linux/android-ndk-r25b/toolchains/llvm/prebuilt/linux-x86_64/lib64/clang/14.0.6/lib/linux/x86_64 -L/home/rev/Downloads/rev_data/rev_progs/rev_android_studio/android-ndk-r25b-linux/android-ndk-r25b/toolchains/llvm/prebuilt/linux-x86_64/sysroot/usr/lib/x86_64-linux-android/21 -L/home/rev/Downloads/rev_data/rev_progs/rev_android_studio/android-ndk-r25b-linux/android-ndk-r25b/toolchains/llvm/prebuilt/linux-x86_64/sysroot/usr/lib/x86_64-linux-android -L/home/rev/Downloads/rev_data/rev_progs/rev_android_studio/android-ndk-r25b-linux/android-ndk-r25b/toolchains/llvm/prebuilt/linux-x86_64/sysroot/usr/lib --build-id=sha1 --no-rosegment --fatal-warnings --gc-sections --no-undefined --gc-sections CMakeFiles/cmTC_e1d3b.dir/CMakeCXXCompilerABI.cpp.o -Bstatic -lc++ -Bdynamic -lm /home/rev/Downloads/rev_data/rev_progs/rev_android_studio/android-ndk-r25b-linux/android-ndk-r25b/toolchains/llvm/prebuilt/linux-x86_64/lib64/clang/14.0.6/lib/linux/libclang_rt.builtins-x86_64-android.a -l:libunwind.a -ldl -lc /home/rev/Downloads/rev_data/rev_progs/rev_android_studio/android-ndk-r25b-linux/android-ndk-r25b/toolchains/llvm/prebuilt/linux-x86_64/lib64/clang/14.0.6/lib/linux/libclang_rt.builtins-x86_64-android.a -l:libunwind.a -ldl /home/rev/Downloads/rev_data/rev_progs/rev_android_studio/android-ndk-r25b-linux/android-ndk-r25b/toolchains/llvm/prebuilt/linux-x86_64/sysroot/usr/lib/x86_64-linux-android/21/crtend_android.o


Parsed CXX implicit link information from above output:
  link line regex: [^( *|.*[/\])(CMAKE_LINKER-NOTFOUND|([^/\]+-)?ld|collect2)[^/\]*( |$)]
  ignore line: [Change Dir: /home/rev/Downloads/rev_wip/rev_android/rev_react_native/Owki/android/Rev-Lib-WebRTC/.cxx/Debug/1t1881v4/x86_64/CMakeFiles/CMakeTmp]
  ignore line: []
  ignore line: [Run Build Command:"/home/rev/Downloads/rev_data/rev_progs/rev_android_studio/rev_and_studio_sdk/cmake/3.6.4111459/bin/ninja" "cmTC_e1d3b"]
  ignore line: [[1/2] Building CXX object CMakeFiles/cmTC_e1d3b.dir/CMakeCXXCompilerABI.cpp.o]
  ignore line: [[2/2] Linking CXX executable cmTC_e1d3b]
  ignore line: [Android (8490178, based on r450784d) clang version 14.0.6 (https://android.googlesource.com/toolchain/llvm-project 4c603efb0cca074e9238af8b4106c30add4418f6)]
  ignore line: [Target: x86_64-none-linux-android21]
  ignore line: [Thread model: posix]
  ignore line: [InstalledDir: /home/rev/Downloads/rev_data/rev_progs/rev_android_studio/android-ndk-r25b-linux/android-ndk-r25b/toolchains/llvm/prebuilt/linux-x86_64/bin]
  link line: [ "/home/rev/Downloads/rev_data/rev_progs/rev_android_studio/android-ndk-r25b-linux/android-ndk-r25b/toolchains/llvm/prebuilt/linux-x86_64/bin/ld" --sysroot=/home/rev/Downloads/rev_data/rev_progs/rev_android_studio/android-ndk-r25b-linux/android-ndk-r25b/toolchains/llvm/prebuilt/linux-x86_64/sysroot -pie --warn-shared-textrel -z now -z relro --hash-style=gnu --hash-style=both --enable-new-dtags --eh-frame-hdr -m elf_x86_64 -dynamic-linker /system/bin/linker64 -o cmTC_e1d3b /home/rev/Downloads/rev_data/rev_progs/rev_android_studio/android-ndk-r25b-linux/android-ndk-r25b/toolchains/llvm/prebuilt/linux-x86_64/sysroot/usr/lib/x86_64-linux-android/21/crtbegin_dynamic.o -L/home/rev/Downloads/rev_data/rev_progs/rev_android_studio/android-ndk-r25b-linux/android-ndk-r25b/toolchains/llvm/prebuilt/linux-x86_64/lib64/clang/14.0.6/lib/linux/x86_64 -L/home/rev/Downloads/rev_data/rev_progs/rev_android_studio/android-ndk-r25b-linux/android-ndk-r25b/toolchains/llvm/prebuilt/linux-x86_64/sysroot/usr/lib/x86_64-linux-android/21 -L/home/rev/Downloads/rev_data/rev_progs/rev_android_studio/android-ndk-r25b-linux/android-ndk-r25b/toolchains/llvm/prebuilt/linux-x86_64/sysroot/usr/lib/x86_64-linux-android -L/home/rev/Downloads/rev_data/rev_progs/rev_android_studio/android-ndk-r25b-linux/android-ndk-r25b/toolchains/llvm/prebuilt/linux-x86_64/sysroot/usr/lib --build-id=sha1 --no-rosegment --fatal-warnings --gc-sections --no-undefined --gc-sections CMakeFiles/cmTC_e1d3b.dir/CMakeCXXCompilerABI.cpp.o -Bstatic -lc++ -Bdynamic -lm /home/rev/Downloads/rev_data/rev_progs/rev_android_studio/android-ndk-r25b-linux/android-ndk-r25b/toolchains/llvm/prebuilt/linux-x86_64/lib64/clang/14.0.6/lib/linux/libclang_rt.builtins-x86_64-android.a -l:libunwind.a -ldl -lc /home/rev/Downloads/rev_data/rev_progs/rev_android_studio/android-ndk-r25b-linux/android-ndk-r25b/toolchains/llvm/prebuilt/linux-x86_64/lib64/clang/14.0.6/lib/linux/libclang_rt.builtins-x86_64-android.a -l:libunwind.a -ldl /home/rev/Downloads/rev_data/rev_progs/rev_android_studio/android-ndk-r25b-linux/android-ndk-r25b/toolchains/llvm/prebuilt/linux-x86_64/sysroot/usr/lib/x86_64-linux-android/21/crtend_android.o]
    arg [/home/rev/Downloads/rev_data/rev_progs/rev_android_studio/android-ndk-r25b-linux/android-ndk-r25b/toolchains/llvm/prebuilt/linux-x86_64/bin/ld] ==> ignore
    arg [--sysroot=/home/rev/Downloads/rev_data/rev_progs/rev_android_studio/android-ndk-r25b-linux/android-ndk-r25b/toolchains/llvm/prebuilt/linux-x86_64/sysroot] ==> ignore
    arg [-pie] ==> ignore
    arg [--warn-shared-textrel] ==> ignore
    arg [-znow] ==> ignore
    arg [-zrelro] ==> ignore
    arg [--hash-style=gnu] ==> ignore
    arg [--hash-style=both] ==> ignore
    arg [--enable-new-dtags] ==> ignore
    arg [--eh-frame-hdr] ==> ignore
    arg [-m] ==> ignore
    arg [elf_x86_64] ==> ignore
    arg [-dynamic-linker] ==> ignore
    arg [/system/bin/linker64] ==> ignore
    arg [-o] ==> ignore
    arg [cmTC_e1d3b] ==> ignore
    arg [/home/rev/Downloads/rev_data/rev_progs/rev_android_studio/android-ndk-r25b-linux/android-ndk-r25b/toolchains/llvm/prebuilt/linux-x86_64/sysroot/usr/lib/x86_64-linux-android/21/crtbegin_dynamic.o] ==> ignore
    arg [-L/home/rev/Downloads/rev_data/rev_progs/rev_android_studio/android-ndk-r25b-linux/android-ndk-r25b/toolchains/llvm/prebuilt/linux-x86_64/lib64/clang/14.0.6/lib/linux/x86_64] ==> dir [/home/rev/Downloads/rev_data/rev_progs/rev_android_studio/android-ndk-r25b-linux/android-ndk-r25b/toolchains/llvm/prebuilt/linux-x86_64/lib64/clang/14.0.6/lib/linux/x86_64]
    arg [-L/home/rev/Downloads/rev_data/rev_progs/rev_android_studio/android-ndk-r25b-linux/android-ndk-r25b/toolchains/llvm/prebuilt/linux-x86_64/sysroot/usr/lib/x86_64-linux-android/21] ==> dir [/home/rev/Downloads/rev_data/rev_progs/rev_android_studio/android-ndk-r25b-linux/android-ndk-r25b/toolchains/llvm/prebuilt/linux-x86_64/sysroot/usr/lib/x86_64-linux-android/21]
    arg [-L/home/rev/Downloads/rev_data/rev_progs/rev_android_studio/android-ndk-r25b-linux/android-ndk-r25b/toolchains/llvm/prebuilt/linux-x86_64/sysroot/usr/lib/x86_64-linux-android] ==> dir [/home/rev/Downloads/rev_data/rev_progs/rev_android_studio/android-ndk-r25b-linux/android-ndk-r25b/toolchains/llvm/prebuilt/linux-x86_64/sysroot/usr/lib/x86_64-linux-android]
    arg [-L/home/rev/Downloads/rev_data/rev_progs/rev_android_studio/android-ndk-r25b-linux/android-ndk-r25b/toolchains/llvm/prebuilt/linux-x86_64/sysroot/usr/lib] ==> dir [/home/rev/Downloads/rev_data/rev_progs/rev_android_studio/android-ndk-r25b-linux/android-ndk-r25b/toolchains/llvm/prebuilt/linux-x86_64/sysroot/usr/lib]
    arg [--build-id=sha1] ==> ignore
    arg [--no-rosegment] ==> ignore
    arg [--fatal-warnings] ==> ignore
    arg [--gc-sections] ==> ignore
    arg [--no-undefined] ==> ignore
    arg [--gc-sections] ==> ignore
    arg [CMakeFiles/cmTC_e1d3b.dir/CMakeCXXCompilerABI.cpp.o] ==> ignore
    arg [-Bstatic] ==> ignore
    arg [-lc++] ==> lib [c++]
    arg [-Bdynamic] ==> ignore
    arg [-lm] ==> lib [m]
    arg [/home/rev/Downloads/rev_data/rev_progs/rev_android_studio/android-ndk-r25b-linux/android-ndk-r25b/toolchains/llvm/prebuilt/linux-x86_64/lib64/clang/14.0.6/lib/linux/libclang_rt.builtins-x86_64-android.a] ==> lib [/home/rev/Downloads/rev_data/rev_progs/rev_android_studio/android-ndk-r25b-linux/android-ndk-r25b/toolchains/llvm/prebuilt/linux-x86_64/lib64/clang/14.0.6/lib/linux/libclang_rt.builtins-x86_64-android.a]
    arg [-l:libunwind.a] ==> lib [-l:libunwind.a]
    arg [-ldl] ==> lib [dl]
    arg [-lc] ==> lib [c]
    arg [/home/rev/Downloads/rev_data/rev_progs/rev_android_studio/android-ndk-r25b-linux/android-ndk-r25b/toolchains/llvm/prebuilt/linux-x86_64/lib64/clang/14.0.6/lib/linux/libclang_rt.builtins-x86_64-android.a] ==> lib [/home/rev/Downloads/rev_data/rev_progs/rev_android_studio/android-ndk-r25b-linux/android-ndk-r25b/toolchains/llvm/prebuilt/linux-x86_64/lib64/clang/14.0.6/lib/linux/libclang_rt.builtins-x86_64-android.a]
    arg [-l:libunwind.a] ==> lib [-l:libunwind.a]
    arg [-ldl] ==> lib [dl]
    arg [/home/rev/Downloads/rev_data/rev_progs/rev_android_studio/android-ndk-r25b-linux/android-ndk-r25b/toolchains/llvm/prebuilt/linux-x86_64/sysroot/usr/lib/x86_64-linux-android/21/crtend_android.o] ==> ignore
  collapse library dir [/home/rev/Downloads/rev_data/rev_progs/rev_android_studio/android-ndk-r25b-linux/android-ndk-r25b/toolchains/llvm/prebuilt/linux-x86_64/lib64/clang/14.0.6/lib/linux/x86_64] ==> [/home/rev/Downloads/rev_data/rev_progs/rev_android_studio/android-ndk-r25b-linux/android-ndk-r25b/toolchains/llvm/prebuilt/linux-x86_64/lib64/clang/14.0.6/lib/linux/x86_64]
  collapse library dir [/home/rev/Downloads/rev_data/rev_progs/rev_android_studio/android-ndk-r25b-linux/android-ndk-r25b/toolchains/llvm/prebuilt/linux-x86_64/sysroot/usr/lib/x86_64-linux-android/21] ==> [/home/rev/Downloads/rev_data/rev_progs/rev_android_studio/android-ndk-r25b-linux/android-ndk-r25b/toolchains/llvm/prebuilt/linux-x86_64/sysroot/usr/lib/x86_64-linux-android/21]
  collapse library dir [/home/rev/Downloads/rev_data/rev_progs/rev_android_studio/android-ndk-r25b-linux/android-ndk-r25b/toolchains/llvm/prebuilt/linux-x86_64/sysroot/usr/lib/x86_64-linux-android] ==> [/home/rev/Downloads/rev_data/rev_progs/rev_android_studio/android-ndk-r25b-linux/android-ndk-r25b/toolchains/llvm/prebuilt/linux-x86_64/sysroot/usr/lib/x86_64-linux-android]
  collapse library dir [/home/rev/Downloads/rev_data/rev_progs/rev_android_studio/android-ndk-r25b-linux/android-ndk-r25b/toolchains/llvm/prebuilt/linux-x86_64/sysroot/usr/lib] ==> [/home/rev/Downloads/rev_data/rev_progs/rev_android_studio/android-ndk-r25b-linux/android-ndk-r25b/toolchains/llvm/prebuilt/linux-x86_64/sysroot/usr/lib]
  implicit libs: [c++;m;/home/rev/Downloads/rev_data/rev_progs/rev_android_studio/android-ndk-r25b-linux/android-ndk-r25b/toolchains/llvm/prebuilt/linux-x86_64/lib64/clang/14.0.6/lib/linux/libclang_rt.builtins-x86_64-android.a;-l:libunwind.a;dl;c;/home/rev/Downloads/rev_data/rev_progs/rev_android_studio/android-ndk-r25b-linux/android-ndk-r25b/toolchains/llvm/prebuilt/linux-x86_64/lib64/clang/14.0.6/lib/linux/libclang_rt.builtins-x86_64-android.a;-l:libunwind.a;dl]
  implicit dirs: [/home/rev/Downloads/rev_data/rev_progs/rev_android_studio/android-ndk-r25b-linux/android-ndk-r25b/toolchains/llvm/prebuilt/linux-x86_64/lib64/clang/14.0.6/lib/linux/x86_64;/home/rev/Downloads/rev_data/rev_progs/rev_android_studio/android-ndk-r25b-linux/android-ndk-r25b/toolchains/llvm/prebuilt/linux-x86_64/sysroot/usr/lib/x86_64-linux-android/21;/home/rev/Downloads/rev_data/rev_progs/rev_android_studio/android-ndk-r25b-linux/android-ndk-r25b/toolchains/llvm/prebuilt/linux-x86_64/sysroot/usr/lib/x86_64-linux-android;/home/rev/Downloads/rev_data/rev_progs/rev_android_studio/android-ndk-r25b-linux/android-ndk-r25b/toolchains/llvm/prebuilt/linux-x86_64/sysroot/usr/lib]
  implicit fwks: []




Detecting CXX [-std=c++14] compiler features compiled with the following output:
Change Dir: /home/rev/Downloads/rev_wip/rev_android/rev_react_native/Owki/android/Rev-Lib-WebRTC/.cxx/Debug/1t1881v4/x86_64/CMakeFiles/CMakeTmp

Run Build Command:"/home/rev/Downloads/rev_data/rev_progs/rev_android_studio/rev_and_studio_sdk/cmake/3.6.4111459/bin/ninja" "cmTC_d355e"
[1/2] Building CXX object CMakeFiles/cmTC_d355e.dir/feature_tests.cxx.o
[2/2] Linking CXX executable cmTC_d355e


    Feature record: CXX_FEATURE:1cxx_aggregate_default_initializers
    Feature record: CXX_FEATURE:1cxx_alias_templates
    Feature record: CXX_FEATURE:1cxx_alignas
    Feature record: CXX_FEATURE:1cxx_alignof
    Feature record: CXX_FEATURE:1cxx_attributes
    Feature record: CXX_FEATURE:1cxx_attribute_deprecated
    Feature record: CXX_FEATURE:1cxx_auto_type
    Feature record: CXX_FEATURE:1cxx_binary_literals
    Feature record: CXX_FEATURE:1cxx_constexpr
    Feature record: CXX_FEATURE:1cxx_contextual_conversions
    Feature record: CXX_FEATURE:1cxx_decltype
    Feature record: CXX_FEATURE:1cxx_decltype_auto
    Feature record: CXX_FEATURE:1cxx_decltype_incomplete_return_types
    Feature record: CXX_FEATURE:1cxx_default_function_template_args
    Feature record: CXX_FEATURE:1cxx_defaulted_functions
    Feature record: CXX_FEATURE:1cxx_defaulted_move_initializers
    Feature record: CXX_FEATURE:1cxx_delegating_constructors
    Feature record: CXX_FEATURE:1cxx_deleted_functions
    Feature record: CXX_FEATURE:1cxx_digit_separators
    Feature record: CXX_FEATURE:1cxx_enum_forward_declarations
    Feature record: CXX_FEATURE:1cxx_explicit_conversions
    Feature record: CXX_FEATURE:1cxx_extended_friend_declarations
    Feature record: CXX_FEATURE:1cxx_extern_templates
    Feature record: CXX_FEATURE:1cxx_final
    Feature record: CXX_FEATURE:1cxx_func_identifier
    Feature record: CXX_FEATURE:1cxx_generalized_initializers
    Feature record: CXX_FEATURE:1cxx_generic_lambdas
    Feature record: CXX_FEATURE:1cxx_inheriting_constructors
    Feature record: CXX_FEATURE:1cxx_inline_namespaces
    Feature record: CXX_FEATURE:1cxx_lambdas
    Feature record: CXX_FEATURE:1cxx_lambda_init_captures
    Feature record: CXX_FEATURE:1cxx_local_type_template_args
    Feature record: CXX_FEATURE:1cxx_long_long_type
    Feature record: CXX_FEATURE:1cxx_noexcept
    Feature record: CXX_FEATURE:1cxx_nonstatic_member_init
    Feature record: CXX_FEATURE:1cxx_nullptr
    Feature record: CXX_FEATURE:1cxx_override
    Feature record: CXX_FEATURE:1cxx_range_for
    Feature record: CXX_FEATURE:1cxx_raw_string_literals
    Feature record: CXX_FEATURE:1cxx_reference_qualified_functions
    Feature record: CXX_FEATURE:1cxx_relaxed_constexpr
    Feature record: CXX_FEATURE:1cxx_return_type_deduction
    Feature record: CXX_FEATURE:1cxx_right_angle_brackets
    Feature record: CXX_FEATURE:1cxx_rvalue_references
    Feature record: CXX_FEATURE:1cxx_sizeof_member
    Feature record: CXX_FEATURE:1cxx_static_assert
    Feature record: CXX_FEATURE:1cxx_strong_enums
    Feature record: CXX_FEATURE:1cxx_template_template_parameters
    Feature record: CXX_FEATURE:1cxx_thread_local
    Feature record: CXX_FEATURE:1cxx_trailing_return_types
    Feature record: CXX_FEATURE:1cxx_unicode_literals
    Feature record: CXX_FEATURE:1cxx_uniform_initialization
    Feature record: CXX_FEATURE:1cxx_unrestricted_unions
    Feature record: CXX_FEATURE:1cxx_user_literals
    Feature record: CXX_FEATURE:1cxx_variable_templates
    Feature record: CXX_FEATURE:1cxx_variadic_macros
    Feature record: CXX_FEATURE:1cxx_variadic_templates


Detecting CXX [-std=c++11] compiler features compiled with the following output:
Change Dir: /home/rev/Downloads/rev_wip/rev_android/rev_react_native/Owki/android/Rev-Lib-WebRTC/.cxx/Debug/1t1881v4/x86_64/CMakeFiles/CMakeTmp

Run Build Command:"/home/rev/Downloads/rev_data/rev_progs/rev_android_studio/rev_and_studio_sdk/cmake/3.6.4111459/bin/ninja" "cmTC_72fab"
[1/2] Building CXX object CMakeFiles/cmTC_72fab.dir/feature_tests.cxx.o
[2/2] Linking CXX executable cmTC_72fab


    Feature record: CXX_FEATURE:0cxx_aggregate_default_initializers
    Feature record: CXX_FEATURE:1cxx_alias_templates
    Feature record: CXX_FEATURE:1cxx_alignas
    Feature record: CXX_FEATURE:1cxx_alignof
    Feature record: CXX_FEATURE:1cxx_attributes
    Feature record: CXX_FEATURE:0cxx_attribute_deprecated
    Feature record: CXX_FEATURE:1cxx_auto_type
    Feature record: CXX_FEATURE:0cxx_binary_literals
    Feature record: CXX_FEATURE:1cxx_constexpr
    Feature record: CXX_FEATURE:0cxx_contextual_conversions
    Feature record: CXX_FEATURE:1cxx_decltype
    Feature record: CXX_FEATURE:0cxx_decltype_auto
    Feature record: CXX_FEATURE:1cxx_decltype_incomplete_return_types
    Feature record: CXX_FEATURE:1cxx_default_function_template_args
    Feature record: CXX_FEATURE:1cxx_defaulted_functions
    Feature record: CXX_FEATURE:1cxx_defaulted_move_initializers
    Feature record: CXX_FEATURE:1cxx_delegating_constructors
    Feature record: CXX_FEATURE:1cxx_deleted_functions
    Feature record: CXX_FEATURE:0cxx_digit_separators
    Feature record: CXX_FEATURE:1cxx_enum_forward_declarations
    Feature record: CXX_FEATURE:1cxx_explicit_conversions
    Feature record: CXX_FEATURE:1cxx_extended_friend_declarations
    Feature record: CXX_FEATURE:1cxx_extern_templates
    Feature record: CXX_FEATURE:1cxx_final
    Feature record: CXX_FEATURE:1cxx_func_identifier
    Feature record: CXX_FEATURE:1cxx_generalized_initializers
    Feature record: CXX_FEATURE:0cxx_generic_lambdas
    Feature record: CXX_FEATURE:1cxx_inheriting_constructors
    Feature record: CXX_FEATURE:1cxx_inline_namespaces
    Feature record: CXX_FEATURE:1cxx_lambdas
    Feature record: CXX_FEATURE:0cxx_lambda_init_captures
    Feature record: CXX_FEATURE:1cxx_local_type_template_args
    Feature record: CXX_FEATURE:1cxx_long_long_type
    Feature record: CXX_FEATURE:1cxx_noexcept
    Feature record: CXX_FEATURE:1cxx_nonstatic_member_init
    Feature record: CXX_FEATURE:1cxx_nullptr
    Feature record: CXX_FEATURE:1cxx_override
    Feature record: CXX_FEATURE:1cxx_range_for
    Feature record: CXX_FEATURE:1cxx_raw_string_literals
    Feature record: CXX_FEATURE:1cxx_reference_qualified_functions
    Feature record: CXX_FEATURE:0cxx_relaxed_constexpr
    Feature record: CXX_FEATURE:0cxx_return_type_deduction
    Feature record: CXX_FEATURE:1cxx_right_angle_brackets
    Feature record: CXX_FEATURE:1cxx_rvalue_references
    Feature record: CXX_FEATURE:1cxx_sizeof_member
    Feature record: CXX_FEATURE:1cxx_static_assert
    Feature record: CXX_FEATURE:1cxx_strong_enums
    Feature record: CXX_FEATURE:1cxx_template_template_parameters
    Feature record: CXX_FEATURE:1cxx_thread_local
    Feature record: CXX_FEATURE:1cxx_trailing_return_types
    Feature record: CXX_FEATURE:1cxx_unicode_literals
    Feature record: CXX_FEATURE:1cxx_uniform_initialization
    Feature record: CXX_FEATURE:1cxx_unrestricted_unions
    Feature record: CXX_FEATURE:1cxx_user_literals
    Feature record: CXX_FEATURE:0cxx_variable_templates
    Feature record: CXX_FEATURE:1cxx_variadic_macros
    Feature record: CXX_FEATURE:1cxx_variadic_templates


Detecting CXX [-std=c++98] compiler features compiled with the following output:
Change Dir: /home/rev/Downloads/rev_wip/rev_android/rev_react_native/Owki/android/Rev-Lib-WebRTC/.cxx/Debug/1t1881v4/x86_64/CMakeFiles/CMakeTmp

Run Build Command:"/home/rev/Downloads/rev_data/rev_progs/rev_android_studio/rev_and_studio_sdk/cmake/3.6.4111459/bin/ninja" "cmTC_f32a2"
[1/2] Building CXX object CMakeFiles/cmTC_f32a2.dir/feature_tests.cxx.o
[2/2] Linking CXX executable cmTC_f32a2


    Feature record: CXX_FEATURE:0cxx_aggregate_default_initializers
    Feature record: CXX_FEATURE:0cxx_alias_templates
    Feature record: CXX_FEATURE:0cxx_alignas
    Feature record: CXX_FEATURE:0cxx_alignof
    Feature record: CXX_FEATURE:0cxx_attributes
    Feature record: CXX_FEATURE:0cxx_attribute_deprecated
    Feature record: CXX_FEATURE:0cxx_auto_type
    Feature record: CXX_FEATURE:0cxx_binary_literals
    Feature record: CXX_FEATURE:0cxx_constexpr
    Feature record: CXX_FEATURE:0cxx_contextual_conversions
    Feature record: CXX_FEATURE:0cxx_decltype
    Feature record: CXX_FEATURE:0cxx_decltype_auto
    Feature record: CXX_FEATURE:0cxx_decltype_incomplete_return_types
    Feature record: CXX_FEATURE:0cxx_default_function_template_args
    Feature record: CXX_FEATURE:0cxx_defaulted_functions
    Feature record: CXX_FEATURE:0cxx_defaulted_move_initializers
    Feature record: CXX_FEATURE:0cxx_delegating_constructors
    Feature record: CXX_FEATURE:0cxx_deleted_functions
    Feature record: CXX_FEATURE:0cxx_digit_separators
    Feature record: CXX_FEATURE:0cxx_enum_forward_declarations
    Feature record: CXX_FEATURE:0cxx_explicit_conversions
    Feature record: CXX_FEATURE:0cxx_extended_friend_declarations
    Feature record: CXX_FEATURE:0cxx_extern_templates
    Feature record: CXX_FEATURE:0cxx_final
    Feature record: CXX_FEATURE:0cxx_func_identifier
    Feature record: CXX_FEATURE:0cxx_generalized_initializers
    Feature record: CXX_FEATURE:0cxx_generic_lambdas
    Feature record: CXX_FEATURE:0cxx_inheriting_constructors
    Feature record: CXX_FEATURE:0cxx_inline_namespaces
    Feature record: CXX_FEATURE:0cxx_lambdas
    Feature record: CXX_FEATURE:0cxx_lambda_init_captures
    Feature record: CXX_FEATURE:0cxx_local_type_template_args
    Feature record: CXX_FEATURE:0cxx_long_long_type
    Feature record: CXX_FEATURE:0cxx_noexcept
    Feature record: CXX_FEATURE:0cxx_nonstatic_member_init
    Feature record: CXX_FEATURE:0cxx_nullptr
    Feature record: CXX_FEATURE:0cxx_override
    Feature record: CXX_FEATURE:0cxx_range_for
    Feature record: CXX_FEATURE:0cxx_raw_string_literals
    Feature record: CXX_FEATURE:0cxx_reference_qualified_functions
    Feature record: CXX_FEATURE:0cxx_relaxed_constexpr
    Feature record: CXX_FEATURE:0cxx_return_type_deduction
    Feature record: CXX_FEATURE:0cxx_right_angle_brackets
    Feature record: CXX_FEATURE:0cxx_rvalue_references
    Feature record: CXX_FEATURE:0cxx_sizeof_member
    Feature record: CXX_FEATURE:0cxx_static_assert
    Feature record: CXX_FEATURE:0cxx_strong_enums
    Feature record: CXX_FEATURE:1cxx_template_template_parameters
    Feature record: CXX_FEATURE:0cxx_thread_local
    Feature record: CXX_FEATURE:0cxx_trailing_return_types
    Feature record: CXX_FEATURE:0cxx_unicode_literals
    Feature record: CXX_FEATURE:0cxx_uniform_initialization
    Feature record: CXX_FEATURE:0cxx_unrestricted_unions
    Feature record: CXX_FEATURE:0cxx_user_literals
    Feature record: CXX_FEATURE:0cxx_variable_templates
    Feature record: CXX_FEATURE:0cxx_variadic_macros
    Feature record: CXX_FEATURE:0cxx_variadic_templates
