The target system is: Android - 1 - armv7-a
The host system is: Linux - 5.4.0-131-generic - x86_64
Detecting C compiler ABI info compiled with the following output:
Change Dir: /home/rev/Downloads/rev_wip/rev_android/rev_react_native/Owki/android/Rev-Lib-WebRTC/.cxx/Debug/6mi2u1f6/armeabi-v7a/CMakeFiles/CMakeTmp

Run Build Command(s):/home/rev/Downloads/rev_data/rev_progs/rev_android_studio/rev_and_studio_sdk/cmake/3.18.1/bin/ninja cmTC_251d7 && [1/2] Building C object CMakeFiles/cmTC_251d7.dir/CMakeCCompilerABI.c.o
Android (8490178, based on r450784d) clang version 14.0.6 (https://android.googlesource.com/toolchain/llvm-project 4c603efb0cca074e9238af8b4106c30add4418f6)
Target: armv7-none-linux-android21
Thread model: posix
InstalledDir: /home/rev/Downloads/rev_data/rev_progs/rev_android_studio/rev_ndk/android-ndk-r25-linux/android-ndk-r25/toolchains/llvm/prebuilt/linux-x86_64/bin
 (in-process)
 "/home/rev/Downloads/rev_data/rev_progs/rev_android_studio/rev_ndk/android-ndk-r25-linux/android-ndk-r25/toolchains/llvm/prebuilt/linux-x86_64/bin/clang" -cc1 -triple thumbv7-none-linux-android21 -emit-obj -mrelax-all --mrelax-relocations -disable-free -clear-ast-before-backend -disable-llvm-verifier -discard-value-names -main-file-name CMakeCCompilerABI.c -mrelocation-model pic -pic-level 2 -pic-is-pie -mframe-pointer=all -ffp-contract=on -fno-rounding-math -mconstructor-aliases -funwind-tables=1 -target-cpu generic -target-feature +soft-float-abi -target-feature +vfp2 -target-feature +vfp2sp -target-feature +vfp3 -target-feature +vfp3d16 -target-feature +vfp3d16sp -target-feature +vfp3sp -target-feature -fp16 -target-feature -vfp4 -target-feature -vfp4d16 -target-feature -vfp4d16sp -target-feature -vfp4sp -target-feature -fp-armv8 -target-feature -fp-armv8d16 -target-feature -fp-armv8d16sp -target-feature -fp-armv8sp -target-feature -fullfp16 -target-feature +fp64 -target-feature +d32 -target-feature +neon -target-feature -sha2 -target-feature -aes -target-feature -fp16fml -target-abi aapcs-linux -mfloat-abi soft -fallow-half-arguments-and-returns -mllvm -treat-scalable-fixed-error-as-warning -debug-info-kind=constructor -dwarf-version=4 -debugger-tuning=gdb -v -ffunction-sections -fdata-sections -fcoverage-compilation-dir=/home/rev/Downloads/rev_wip/rev_android/rev_react_native/Owki/android/Rev-Lib-WebRTC/.cxx/Debug/6mi2u1f6/armeabi-v7a/CMakeFiles/CMakeTmp -resource-dir /home/rev/Downloads/rev_data/rev_progs/rev_android_studio/rev_ndk/android-ndk-r25-linux/android-ndk-r25/toolchains/llvm/prebuilt/linux-x86_64/lib64/clang/14.0.6 -dependency-file CMakeFiles/cmTC_251d7.dir/CMakeCCompilerABI.c.o.d -MT CMakeFiles/cmTC_251d7.dir/CMakeCCompilerABI.c.o -sys-header-deps -D ANDROID -D _FORTIFY_SOURCE=2 -isysroot /home/rev/Downloads/rev_data/rev_progs/rev_android_studio/rev_ndk/android-ndk-r25-linux/android-ndk-r25/toolchains/llvm/prebuilt/linux-x86_64/sysroot -internal-isystem /home/rev/Downloads/rev_data/rev_progs/rev_android_studio/rev_ndk/android-ndk-r25-linux/android-ndk-r25/toolchains/llvm/prebuilt/linux-x86_64/lib64/clang/14.0.6/include -internal-isystem /home/rev/Downloads/rev_data/rev_progs/rev_android_studio/rev_ndk/android-ndk-r25-linux/android-ndk-r25/toolchains/llvm/prebuilt/linux-x86_64/sysroot/usr/local/include -internal-externc-isystem /home/rev/Downloads/rev_data/rev_progs/rev_android_studio/rev_ndk/android-ndk-r25-linux/android-ndk-r25/toolchains/llvm/prebuilt/linux-x86_64/sysroot/usr/include/arm-linux-androideabi -internal-externc-isystem /home/rev/Downloads/rev_data/rev_progs/rev_android_studio/rev_ndk/android-ndk-r25-linux/android-ndk-r25/toolchains/llvm/prebuilt/linux-x86_64/sysroot/include -internal-externc-isystem /home/rev/Downloads/rev_data/rev_progs/rev_android_studio/rev_ndk/android-ndk-r25-linux/android-ndk-r25/toolchains/llvm/prebuilt/linux-x86_64/sysroot/usr/include -Wformat -fdebug-compilation-dir=/home/rev/Downloads/rev_wip/rev_android/rev_react_native/Owki/android/Rev-Lib-WebRTC/.cxx/Debug/6mi2u1f6/armeabi-v7a/CMakeFiles/CMakeTmp -ferror-limit 19 -stack-protector 2 -fno-signed-char -fgnuc-version=4.2.1 -D__GCC_HAVE_DWARF2_CFI_ASM=1 -o CMakeFiles/cmTC_251d7.dir/CMakeCCompilerABI.c.o -x c /home/rev/Downloads/rev_data/rev_progs/rev_android_studio/rev_and_studio_sdk/cmake/3.18.1/share/cmake-3.18/Modules/CMakeCCompilerABI.c
clang -cc1 version 14.0.6 based upon LLVM 14.0.6git default target x86_64-unknown-linux-gnu
ignoring nonexistent directory "/home/rev/Downloads/rev_data/rev_progs/rev_android_studio/rev_ndk/android-ndk-r25-linux/android-ndk-r25/toolchains/llvm/prebuilt/linux-x86_64/sysroot/include"
#include "..." search starts here:
#include <...> search starts here:
 /home/rev/Downloads/rev_data/rev_progs/rev_android_studio/rev_ndk/android-ndk-r25-linux/android-ndk-r25/toolchains/llvm/prebuilt/linux-x86_64/lib64/clang/14.0.6/include
 /home/rev/Downloads/rev_data/rev_progs/rev_android_studio/rev_ndk/android-ndk-r25-linux/android-ndk-r25/toolchains/llvm/prebuilt/linux-x86_64/sysroot/usr/local/include
 /home/rev/Downloads/rev_data/rev_progs/rev_android_studio/rev_ndk/android-ndk-r25-linux/android-ndk-r25/toolchains/llvm/prebuilt/linux-x86_64/sysroot/usr/include/arm-linux-androideabi
 /home/rev/Downloads/rev_data/rev_progs/rev_android_studio/rev_ndk/android-ndk-r25-linux/android-ndk-r25/toolchains/llvm/prebuilt/linux-x86_64/sysroot/usr/include
End of search list.
[2/2] Linking C executable cmTC_251d7
Android (8490178, based on r450784d) clang version 14.0.6 (https://android.googlesource.com/toolchain/llvm-project 4c603efb0cca074e9238af8b4106c30add4418f6)
Target: armv7-none-linux-android21
Thread model: posix
InstalledDir: /home/rev/Downloads/rev_data/rev_progs/rev_android_studio/rev_ndk/android-ndk-r25-linux/android-ndk-r25/toolchains/llvm/prebuilt/linux-x86_64/bin
 "/home/rev/Downloads/rev_data/rev_progs/rev_android_studio/rev_ndk/android-ndk-r25-linux/android-ndk-r25/toolchains/llvm/prebuilt/linux-x86_64/bin/ld" --sysroot=/home/rev/Downloads/rev_data/rev_progs/rev_android_studio/rev_ndk/android-ndk-r25-linux/android-ndk-r25/toolchains/llvm/prebuilt/linux-x86_64/sysroot -pie -EL --warn-shared-textrel -z now -z relro -z max-page-size=4096 -X --hash-style=gnu --hash-style=both --enable-new-dtags --eh-frame-hdr -m armelf_linux_eabi -dynamic-linker /system/bin/linker -o cmTC_251d7 /home/rev/Downloads/rev_data/rev_progs/rev_android_studio/rev_ndk/android-ndk-r25-linux/android-ndk-r25/toolchains/llvm/prebuilt/linux-x86_64/sysroot/usr/lib/arm-linux-androideabi/21/crtbegin_dynamic.o -L/home/rev/Downloads/rev_data/rev_progs/rev_android_studio/rev_ndk/android-ndk-r25-linux/android-ndk-r25/toolchains/llvm/prebuilt/linux-x86_64/lib64/clang/14.0.6/lib/linux/arm -L/home/rev/Downloads/rev_data/rev_progs/rev_android_studio/rev_ndk/android-ndk-r25-linux/android-ndk-r25/toolchains/llvm/prebuilt/linux-x86_64/sysroot/usr/lib/arm-linux-androideabi/21 -L/home/rev/Downloads/rev_data/rev_progs/rev_android_studio/rev_ndk/android-ndk-r25-linux/android-ndk-r25/toolchains/llvm/prebuilt/linux-x86_64/sysroot/usr/lib/arm-linux-androideabi -L/home/rev/Downloads/rev_data/rev_progs/rev_android_studio/rev_ndk/android-ndk-r25-linux/android-ndk-r25/toolchains/llvm/prebuilt/linux-x86_64/sysroot/usr/lib/../lib -L/home/rev/Downloads/rev_data/rev_progs/rev_android_studio/rev_ndk/android-ndk-r25-linux/android-ndk-r25/toolchains/llvm/prebuilt/linux-x86_64/sysroot/usr/lib --build-id=sha1 --no-rosegment --fatal-warnings --gc-sections --no-undefined --gc-sections CMakeFiles/cmTC_251d7.dir/CMakeCCompilerABI.c.o /home/rev/Downloads/rev_data/rev_progs/rev_android_studio/rev_ndk/android-ndk-r25-linux/android-ndk-r25/toolchains/llvm/prebuilt/linux-x86_64/lib64/clang/14.0.6/lib/linux/libclang_rt.builtins-arm-android.a -l:libunwind.a -ldl -lc /home/rev/Downloads/rev_data/rev_progs/rev_android_studio/rev_ndk/android-ndk-r25-linux/android-ndk-r25/toolchains/llvm/prebuilt/linux-x86_64/lib64/clang/14.0.6/lib/linux/libclang_rt.builtins-arm-android.a -l:libunwind.a -ldl /home/rev/Downloads/rev_data/rev_progs/rev_android_studio/rev_ndk/android-ndk-r25-linux/android-ndk-r25/toolchains/llvm/prebuilt/linux-x86_64/sysroot/usr/lib/arm-linux-androideabi/21/crtend_android.o



Parsed C implicit include dir info from above output: rv=done
  found start of include info
  found start of implicit include info
    add: [/home/rev/Downloads/rev_data/rev_progs/rev_android_studio/rev_ndk/android-ndk-r25-linux/android-ndk-r25/toolchains/llvm/prebuilt/linux-x86_64/lib64/clang/14.0.6/include]
    add: [/home/rev/Downloads/rev_data/rev_progs/rev_android_studio/rev_ndk/android-ndk-r25-linux/android-ndk-r25/toolchains/llvm/prebuilt/linux-x86_64/sysroot/usr/local/include]
    add: [/home/rev/Downloads/rev_data/rev_progs/rev_android_studio/rev_ndk/android-ndk-r25-linux/android-ndk-r25/toolchains/llvm/prebuilt/linux-x86_64/sysroot/usr/include/arm-linux-androideabi]
    add: [/home/rev/Downloads/rev_data/rev_progs/rev_android_studio/rev_ndk/android-ndk-r25-linux/android-ndk-r25/toolchains/llvm/prebuilt/linux-x86_64/sysroot/usr/include]
  end of search list found
  collapse include dir [/home/rev/Downloads/rev_data/rev_progs/rev_android_studio/rev_ndk/android-ndk-r25-linux/android-ndk-r25/toolchains/llvm/prebuilt/linux-x86_64/lib64/clang/14.0.6/include] ==> [/home/rev/Downloads/rev_data/rev_progs/rev_android_studio/rev_ndk/android-ndk-r25-linux/android-ndk-r25/toolchains/llvm/prebuilt/linux-x86_64/lib64/clang/14.0.6/include]
  collapse include dir [/home/rev/Downloads/rev_data/rev_progs/rev_android_studio/rev_ndk/android-ndk-r25-linux/android-ndk-r25/toolchains/llvm/prebuilt/linux-x86_64/sysroot/usr/local/include] ==> [/home/rev/Downloads/rev_data/rev_progs/rev_android_studio/rev_ndk/android-ndk-r25-linux/android-ndk-r25/toolchains/llvm/prebuilt/linux-x86_64/sysroot/usr/local/include]
  collapse include dir [/home/rev/Downloads/rev_data/rev_progs/rev_android_studio/rev_ndk/android-ndk-r25-linux/android-ndk-r25/toolchains/llvm/prebuilt/linux-x86_64/sysroot/usr/include/arm-linux-androideabi] ==> [/home/rev/Downloads/rev_data/rev_progs/rev_android_studio/rev_ndk/android-ndk-r25-linux/android-ndk-r25/toolchains/llvm/prebuilt/linux-x86_64/sysroot/usr/include/arm-linux-androideabi]
  collapse include dir [/home/rev/Downloads/rev_data/rev_progs/rev_android_studio/rev_ndk/android-ndk-r25-linux/android-ndk-r25/toolchains/llvm/prebuilt/linux-x86_64/sysroot/usr/include] ==> [/home/rev/Downloads/rev_data/rev_progs/rev_android_studio/rev_ndk/android-ndk-r25-linux/android-ndk-r25/toolchains/llvm/prebuilt/linux-x86_64/sysroot/usr/include]
  implicit include dirs: [/home/rev/Downloads/rev_data/rev_progs/rev_android_studio/rev_ndk/android-ndk-r25-linux/android-ndk-r25/toolchains/llvm/prebuilt/linux-x86_64/lib64/clang/14.0.6/include;/home/rev/Downloads/rev_data/rev_progs/rev_android_studio/rev_ndk/android-ndk-r25-linux/android-ndk-r25/toolchains/llvm/prebuilt/linux-x86_64/sysroot/usr/local/include;/home/rev/Downloads/rev_data/rev_progs/rev_android_studio/rev_ndk/android-ndk-r25-linux/android-ndk-r25/toolchains/llvm/prebuilt/linux-x86_64/sysroot/usr/include/arm-linux-androideabi;/home/rev/Downloads/rev_data/rev_progs/rev_android_studio/rev_ndk/android-ndk-r25-linux/android-ndk-r25/toolchains/llvm/prebuilt/linux-x86_64/sysroot/usr/include]


Parsed C implicit link information from above output:
  link line regex: [^( *|.*[/\])(ld\.lld|CMAKE_LINK_STARTFILE-NOTFOUND|([^/\]+-)?ld|collect2)[^/\]*( |$)]
  ignore line: [Change Dir: /home/rev/Downloads/rev_wip/rev_android/rev_react_native/Owki/android/Rev-Lib-WebRTC/.cxx/Debug/6mi2u1f6/armeabi-v7a/CMakeFiles/CMakeTmp]
  ignore line: []
  ignore line: [Run Build Command(s):/home/rev/Downloads/rev_data/rev_progs/rev_android_studio/rev_and_studio_sdk/cmake/3.18.1/bin/ninja cmTC_251d7 && [1/2] Building C object CMakeFiles/cmTC_251d7.dir/CMakeCCompilerABI.c.o]
  ignore line: [Android (8490178  based on r450784d) clang version 14.0.6 (https://android.googlesource.com/toolchain/llvm-project 4c603efb0cca074e9238af8b4106c30add4418f6)]
  ignore line: [Target: armv7-none-linux-android21]
  ignore line: [Thread model: posix]
  ignore line: [InstalledDir: /home/rev/Downloads/rev_data/rev_progs/rev_android_studio/rev_ndk/android-ndk-r25-linux/android-ndk-r25/toolchains/llvm/prebuilt/linux-x86_64/bin]
  ignore line: [ (in-process)]
  ignore line: [ "/home/rev/Downloads/rev_data/rev_progs/rev_android_studio/rev_ndk/android-ndk-r25-linux/android-ndk-r25/toolchains/llvm/prebuilt/linux-x86_64/bin/clang" -cc1 -triple thumbv7-none-linux-android21 -emit-obj -mrelax-all --mrelax-relocations -disable-free -clear-ast-before-backend -disable-llvm-verifier -discard-value-names -main-file-name CMakeCCompilerABI.c -mrelocation-model pic -pic-level 2 -pic-is-pie -mframe-pointer=all -ffp-contract=on -fno-rounding-math -mconstructor-aliases -funwind-tables=1 -target-cpu generic -target-feature +soft-float-abi -target-feature +vfp2 -target-feature +vfp2sp -target-feature +vfp3 -target-feature +vfp3d16 -target-feature +vfp3d16sp -target-feature +vfp3sp -target-feature -fp16 -target-feature -vfp4 -target-feature -vfp4d16 -target-feature -vfp4d16sp -target-feature -vfp4sp -target-feature -fp-armv8 -target-feature -fp-armv8d16 -target-feature -fp-armv8d16sp -target-feature -fp-armv8sp -target-feature -fullfp16 -target-feature +fp64 -target-feature +d32 -target-feature +neon -target-feature -sha2 -target-feature -aes -target-feature -fp16fml -target-abi aapcs-linux -mfloat-abi soft -fallow-half-arguments-and-returns -mllvm -treat-scalable-fixed-error-as-warning -debug-info-kind=constructor -dwarf-version=4 -debugger-tuning=gdb -v -ffunction-sections -fdata-sections -fcoverage-compilation-dir=/home/rev/Downloads/rev_wip/rev_android/rev_react_native/Owki/android/Rev-Lib-WebRTC/.cxx/Debug/6mi2u1f6/armeabi-v7a/CMakeFiles/CMakeTmp -resource-dir /home/rev/Downloads/rev_data/rev_progs/rev_android_studio/rev_ndk/android-ndk-r25-linux/android-ndk-r25/toolchains/llvm/prebuilt/linux-x86_64/lib64/clang/14.0.6 -dependency-file CMakeFiles/cmTC_251d7.dir/CMakeCCompilerABI.c.o.d -MT CMakeFiles/cmTC_251d7.dir/CMakeCCompilerABI.c.o -sys-header-deps -D ANDROID -D _FORTIFY_SOURCE=2 -isysroot /home/rev/Downloads/rev_data/rev_progs/rev_android_studio/rev_ndk/android-ndk-r25-linux/android-ndk-r25/toolchains/llvm/prebuilt/linux-x86_64/sysroot -internal-isystem /home/rev/Downloads/rev_data/rev_progs/rev_android_studio/rev_ndk/android-ndk-r25-linux/android-ndk-r25/toolchains/llvm/prebuilt/linux-x86_64/lib64/clang/14.0.6/include -internal-isystem /home/rev/Downloads/rev_data/rev_progs/rev_android_studio/rev_ndk/android-ndk-r25-linux/android-ndk-r25/toolchains/llvm/prebuilt/linux-x86_64/sysroot/usr/local/include -internal-externc-isystem /home/rev/Downloads/rev_data/rev_progs/rev_android_studio/rev_ndk/android-ndk-r25-linux/android-ndk-r25/toolchains/llvm/prebuilt/linux-x86_64/sysroot/usr/include/arm-linux-androideabi -internal-externc-isystem /home/rev/Downloads/rev_data/rev_progs/rev_android_studio/rev_ndk/android-ndk-r25-linux/android-ndk-r25/toolchains/llvm/prebuilt/linux-x86_64/sysroot/include -internal-externc-isystem /home/rev/Downloads/rev_data/rev_progs/rev_android_studio/rev_ndk/android-ndk-r25-linux/android-ndk-r25/toolchains/llvm/prebuilt/linux-x86_64/sysroot/usr/include -Wformat -fdebug-compilation-dir=/home/rev/Downloads/rev_wip/rev_android/rev_react_native/Owki/android/Rev-Lib-WebRTC/.cxx/Debug/6mi2u1f6/armeabi-v7a/CMakeFiles/CMakeTmp -ferror-limit 19 -stack-protector 2 -fno-signed-char -fgnuc-version=4.2.1 -D__GCC_HAVE_DWARF2_CFI_ASM=1 -o CMakeFiles/cmTC_251d7.dir/CMakeCCompilerABI.c.o -x c /home/rev/Downloads/rev_data/rev_progs/rev_android_studio/rev_and_studio_sdk/cmake/3.18.1/share/cmake-3.18/Modules/CMakeCCompilerABI.c]
  ignore line: [clang -cc1 version 14.0.6 based upon LLVM 14.0.6git default target x86_64-unknown-linux-gnu]
  ignore line: [ignoring nonexistent directory "/home/rev/Downloads/rev_data/rev_progs/rev_android_studio/rev_ndk/android-ndk-r25-linux/android-ndk-r25/toolchains/llvm/prebuilt/linux-x86_64/sysroot/include"]
  ignore line: [#include "..." search starts here:]
  ignore line: [#include <...> search starts here:]
  ignore line: [ /home/rev/Downloads/rev_data/rev_progs/rev_android_studio/rev_ndk/android-ndk-r25-linux/android-ndk-r25/toolchains/llvm/prebuilt/linux-x86_64/lib64/clang/14.0.6/include]
  ignore line: [ /home/rev/Downloads/rev_data/rev_progs/rev_android_studio/rev_ndk/android-ndk-r25-linux/android-ndk-r25/toolchains/llvm/prebuilt/linux-x86_64/sysroot/usr/local/include]
  ignore line: [ /home/rev/Downloads/rev_data/rev_progs/rev_android_studio/rev_ndk/android-ndk-r25-linux/android-ndk-r25/toolchains/llvm/prebuilt/linux-x86_64/sysroot/usr/include/arm-linux-androideabi]
  ignore line: [ /home/rev/Downloads/rev_data/rev_progs/rev_android_studio/rev_ndk/android-ndk-r25-linux/android-ndk-r25/toolchains/llvm/prebuilt/linux-x86_64/sysroot/usr/include]
  ignore line: [End of search list.]
  ignore line: [[2/2] Linking C executable cmTC_251d7]
  ignore line: [Android (8490178  based on r450784d) clang version 14.0.6 (https://android.googlesource.com/toolchain/llvm-project 4c603efb0cca074e9238af8b4106c30add4418f6)]
  ignore line: [Target: armv7-none-linux-android21]
  ignore line: [Thread model: posix]
  ignore line: [InstalledDir: /home/rev/Downloads/rev_data/rev_progs/rev_android_studio/rev_ndk/android-ndk-r25-linux/android-ndk-r25/toolchains/llvm/prebuilt/linux-x86_64/bin]
  link line: [ "/home/rev/Downloads/rev_data/rev_progs/rev_android_studio/rev_ndk/android-ndk-r25-linux/android-ndk-r25/toolchains/llvm/prebuilt/linux-x86_64/bin/ld" --sysroot=/home/rev/Downloads/rev_data/rev_progs/rev_android_studio/rev_ndk/android-ndk-r25-linux/android-ndk-r25/toolchains/llvm/prebuilt/linux-x86_64/sysroot -pie -EL --warn-shared-textrel -z now -z relro -z max-page-size=4096 -X --hash-style=gnu --hash-style=both --enable-new-dtags --eh-frame-hdr -m armelf_linux_eabi -dynamic-linker /system/bin/linker -o cmTC_251d7 /home/rev/Downloads/rev_data/rev_progs/rev_android_studio/rev_ndk/android-ndk-r25-linux/android-ndk-r25/toolchains/llvm/prebuilt/linux-x86_64/sysroot/usr/lib/arm-linux-androideabi/21/crtbegin_dynamic.o -L/home/rev/Downloads/rev_data/rev_progs/rev_android_studio/rev_ndk/android-ndk-r25-linux/android-ndk-r25/toolchains/llvm/prebuilt/linux-x86_64/lib64/clang/14.0.6/lib/linux/arm -L/home/rev/Downloads/rev_data/rev_progs/rev_android_studio/rev_ndk/android-ndk-r25-linux/android-ndk-r25/toolchains/llvm/prebuilt/linux-x86_64/sysroot/usr/lib/arm-linux-androideabi/21 -L/home/rev/Downloads/rev_data/rev_progs/rev_android_studio/rev_ndk/android-ndk-r25-linux/android-ndk-r25/toolchains/llvm/prebuilt/linux-x86_64/sysroot/usr/lib/arm-linux-androideabi -L/home/rev/Downloads/rev_data/rev_progs/rev_android_studio/rev_ndk/android-ndk-r25-linux/android-ndk-r25/toolchains/llvm/prebuilt/linux-x86_64/sysroot/usr/lib/../lib -L/home/rev/Downloads/rev_data/rev_progs/rev_android_studio/rev_ndk/android-ndk-r25-linux/android-ndk-r25/toolchains/llvm/prebuilt/linux-x86_64/sysroot/usr/lib --build-id=sha1 --no-rosegment --fatal-warnings --gc-sections --no-undefined --gc-sections CMakeFiles/cmTC_251d7.dir/CMakeCCompilerABI.c.o /home/rev/Downloads/rev_data/rev_progs/rev_android_studio/rev_ndk/android-ndk-r25-linux/android-ndk-r25/toolchains/llvm/prebuilt/linux-x86_64/lib64/clang/14.0.6/lib/linux/libclang_rt.builtins-arm-android.a -l:libunwind.a -ldl -lc /home/rev/Downloads/rev_data/rev_progs/rev_android_studio/rev_ndk/android-ndk-r25-linux/android-ndk-r25/toolchains/llvm/prebuilt/linux-x86_64/lib64/clang/14.0.6/lib/linux/libclang_rt.builtins-arm-android.a -l:libunwind.a -ldl /home/rev/Downloads/rev_data/rev_progs/rev_android_studio/rev_ndk/android-ndk-r25-linux/android-ndk-r25/toolchains/llvm/prebuilt/linux-x86_64/sysroot/usr/lib/arm-linux-androideabi/21/crtend_android.o]
    arg [/home/rev/Downloads/rev_data/rev_progs/rev_android_studio/rev_ndk/android-ndk-r25-linux/android-ndk-r25/toolchains/llvm/prebuilt/linux-x86_64/bin/ld] ==> ignore
    arg [--sysroot=/home/rev/Downloads/rev_data/rev_progs/rev_android_studio/rev_ndk/android-ndk-r25-linux/android-ndk-r25/toolchains/llvm/prebuilt/linux-x86_64/sysroot] ==> ignore
    arg [-pie] ==> ignore
    arg [-EL] ==> ignore
    arg [--warn-shared-textrel] ==> ignore
    arg [-znow] ==> ignore
    arg [-zrelro] ==> ignore
    arg [-zmax-page-size=4096] ==> ignore
    arg [-X] ==> ignore
    arg [--hash-style=gnu] ==> ignore
    arg [--hash-style=both] ==> ignore
    arg [--enable-new-dtags] ==> ignore
    arg [--eh-frame-hdr] ==> ignore
    arg [-m] ==> ignore
    arg [armelf_linux_eabi] ==> ignore
    arg [-dynamic-linker] ==> ignore
    arg [/system/bin/linker] ==> ignore
    arg [-o] ==> ignore
    arg [cmTC_251d7] ==> ignore
    arg [/home/rev/Downloads/rev_data/rev_progs/rev_android_studio/rev_ndk/android-ndk-r25-linux/android-ndk-r25/toolchains/llvm/prebuilt/linux-x86_64/sysroot/usr/lib/arm-linux-androideabi/21/crtbegin_dynamic.o] ==> ignore
    arg [-L/home/rev/Downloads/rev_data/rev_progs/rev_android_studio/rev_ndk/android-ndk-r25-linux/android-ndk-r25/toolchains/llvm/prebuilt/linux-x86_64/lib64/clang/14.0.6/lib/linux/arm] ==> dir [/home/rev/Downloads/rev_data/rev_progs/rev_android_studio/rev_ndk/android-ndk-r25-linux/android-ndk-r25/toolchains/llvm/prebuilt/linux-x86_64/lib64/clang/14.0.6/lib/linux/arm]
    arg [-L/home/rev/Downloads/rev_data/rev_progs/rev_android_studio/rev_ndk/android-ndk-r25-linux/android-ndk-r25/toolchains/llvm/prebuilt/linux-x86_64/sysroot/usr/lib/arm-linux-androideabi/21] ==> dir [/home/rev/Downloads/rev_data/rev_progs/rev_android_studio/rev_ndk/android-ndk-r25-linux/android-ndk-r25/toolchains/llvm/prebuilt/linux-x86_64/sysroot/usr/lib/arm-linux-androideabi/21]
    arg [-L/home/rev/Downloads/rev_data/rev_progs/rev_android_studio/rev_ndk/android-ndk-r25-linux/android-ndk-r25/toolchains/llvm/prebuilt/linux-x86_64/sysroot/usr/lib/arm-linux-androideabi] ==> dir [/home/rev/Downloads/rev_data/rev_progs/rev_android_studio/rev_ndk/android-ndk-r25-linux/android-ndk-r25/toolchains/llvm/prebuilt/linux-x86_64/sysroot/usr/lib/arm-linux-androideabi]
    arg [-L/home/rev/Downloads/rev_data/rev_progs/rev_android_studio/rev_ndk/android-ndk-r25-linux/android-ndk-r25/toolchains/llvm/prebuilt/linux-x86_64/sysroot/usr/lib/../lib] ==> dir [/home/rev/Downloads/rev_data/rev_progs/rev_android_studio/rev_ndk/android-ndk-r25-linux/android-ndk-r25/toolchains/llvm/prebuilt/linux-x86_64/sysroot/usr/lib/../lib]
    arg [-L/home/rev/Downloads/rev_data/rev_progs/rev_android_studio/rev_ndk/android-ndk-r25-linux/android-ndk-r25/toolchains/llvm/prebuilt/linux-x86_64/sysroot/usr/lib] ==> dir [/home/rev/Downloads/rev_data/rev_progs/rev_android_studio/rev_ndk/android-ndk-r25-linux/android-ndk-r25/toolchains/llvm/prebuilt/linux-x86_64/sysroot/usr/lib]
    arg [--build-id=sha1] ==> ignore
    arg [--no-rosegment] ==> ignore
    arg [--fatal-warnings] ==> ignore
    arg [--gc-sections] ==> ignore
    arg [--no-undefined] ==> ignore
    arg [--gc-sections] ==> ignore
    arg [CMakeFiles/cmTC_251d7.dir/CMakeCCompilerABI.c.o] ==> ignore
    arg [/home/rev/Downloads/rev_data/rev_progs/rev_android_studio/rev_ndk/android-ndk-r25-linux/android-ndk-r25/toolchains/llvm/prebuilt/linux-x86_64/lib64/clang/14.0.6/lib/linux/libclang_rt.builtins-arm-android.a] ==> lib [/home/rev/Downloads/rev_data/rev_progs/rev_android_studio/rev_ndk/android-ndk-r25-linux/android-ndk-r25/toolchains/llvm/prebuilt/linux-x86_64/lib64/clang/14.0.6/lib/linux/libclang_rt.builtins-arm-android.a]
    arg [-l:libunwind.a] ==> lib [-l:libunwind.a]
    arg [-ldl] ==> lib [dl]
    arg [-lc] ==> lib [c]
    arg [/home/rev/Downloads/rev_data/rev_progs/rev_android_studio/rev_ndk/android-ndk-r25-linux/android-ndk-r25/toolchains/llvm/prebuilt/linux-x86_64/lib64/clang/14.0.6/lib/linux/libclang_rt.builtins-arm-android.a] ==> lib [/home/rev/Downloads/rev_data/rev_progs/rev_android_studio/rev_ndk/android-ndk-r25-linux/android-ndk-r25/toolchains/llvm/prebuilt/linux-x86_64/lib64/clang/14.0.6/lib/linux/libclang_rt.builtins-arm-android.a]
    arg [-l:libunwind.a] ==> lib [-l:libunwind.a]
    arg [-ldl] ==> lib [dl]
    arg [/home/rev/Downloads/rev_data/rev_progs/rev_android_studio/rev_ndk/android-ndk-r25-linux/android-ndk-r25/toolchains/llvm/prebuilt/linux-x86_64/sysroot/usr/lib/arm-linux-androideabi/21/crtend_android.o] ==> ignore
  remove lib [/home/rev/Downloads/rev_data/rev_progs/rev_android_studio/rev_ndk/android-ndk-r25-linux/android-ndk-r25/toolchains/llvm/prebuilt/linux-x86_64/lib64/clang/14.0.6/lib/linux/libclang_rt.builtins-arm-android.a]
  remove lib [/home/rev/Downloads/rev_data/rev_progs/rev_android_studio/rev_ndk/android-ndk-r25-linux/android-ndk-r25/toolchains/llvm/prebuilt/linux-x86_64/lib64/clang/14.0.6/lib/linux/libclang_rt.builtins-arm-android.a]
  collapse library dir [/home/rev/Downloads/rev_data/rev_progs/rev_android_studio/rev_ndk/android-ndk-r25-linux/android-ndk-r25/toolchains/llvm/prebuilt/linux-x86_64/lib64/clang/14.0.6/lib/linux/arm] ==> [/home/rev/Downloads/rev_data/rev_progs/rev_android_studio/rev_ndk/android-ndk-r25-linux/android-ndk-r25/toolchains/llvm/prebuilt/linux-x86_64/lib64/clang/14.0.6/lib/linux/arm]
  collapse library dir [/home/rev/Downloads/rev_data/rev_progs/rev_android_studio/rev_ndk/android-ndk-r25-linux/android-ndk-r25/toolchains/llvm/prebuilt/linux-x86_64/sysroot/usr/lib/arm-linux-androideabi/21] ==> [/home/rev/Downloads/rev_data/rev_progs/rev_android_studio/rev_ndk/android-ndk-r25-linux/android-ndk-r25/toolchains/llvm/prebuilt/linux-x86_64/sysroot/usr/lib/arm-linux-androideabi/21]
  collapse library dir [/home/rev/Downloads/rev_data/rev_progs/rev_android_studio/rev_ndk/android-ndk-r25-linux/android-ndk-r25/toolchains/llvm/prebuilt/linux-x86_64/sysroot/usr/lib/arm-linux-androideabi] ==> [/home/rev/Downloads/rev_data/rev_progs/rev_android_studio/rev_ndk/android-ndk-r25-linux/android-ndk-r25/toolchains/llvm/prebuilt/linux-x86_64/sysroot/usr/lib/arm-linux-androideabi]
  collapse library dir [/home/rev/Downloads/rev_data/rev_progs/rev_android_studio/rev_ndk/android-ndk-r25-linux/android-ndk-r25/toolchains/llvm/prebuilt/linux-x86_64/sysroot/usr/lib/../lib] ==> [/home/rev/Downloads/rev_data/rev_progs/rev_android_studio/rev_ndk/android-ndk-r25-linux/android-ndk-r25/toolchains/llvm/prebuilt/linux-x86_64/sysroot/usr/lib]
  collapse library dir [/home/rev/Downloads/rev_data/rev_progs/rev_android_studio/rev_ndk/android-ndk-r25-linux/android-ndk-r25/toolchains/llvm/prebuilt/linux-x86_64/sysroot/usr/lib] ==> [/home/rev/Downloads/rev_data/rev_progs/rev_android_studio/rev_ndk/android-ndk-r25-linux/android-ndk-r25/toolchains/llvm/prebuilt/linux-x86_64/sysroot/usr/lib]
  implicit libs: [-l:libunwind.a;dl;c;-l:libunwind.a;dl]
  implicit dirs: [/home/rev/Downloads/rev_data/rev_progs/rev_android_studio/rev_ndk/android-ndk-r25-linux/android-ndk-r25/toolchains/llvm/prebuilt/linux-x86_64/lib64/clang/14.0.6/lib/linux/arm;/home/rev/Downloads/rev_data/rev_progs/rev_android_studio/rev_ndk/android-ndk-r25-linux/android-ndk-r25/toolchains/llvm/prebuilt/linux-x86_64/sysroot/usr/lib/arm-linux-androideabi/21;/home/rev/Downloads/rev_data/rev_progs/rev_android_studio/rev_ndk/android-ndk-r25-linux/android-ndk-r25/toolchains/llvm/prebuilt/linux-x86_64/sysroot/usr/lib/arm-linux-androideabi;/home/rev/Downloads/rev_data/rev_progs/rev_android_studio/rev_ndk/android-ndk-r25-linux/android-ndk-r25/toolchains/llvm/prebuilt/linux-x86_64/sysroot/usr/lib]
  implicit fwks: []


Detecting CXX compiler ABI info compiled with the following output:
Change Dir: /home/rev/Downloads/rev_wip/rev_android/rev_react_native/Owki/android/Rev-Lib-WebRTC/.cxx/Debug/6mi2u1f6/armeabi-v7a/CMakeFiles/CMakeTmp

Run Build Command(s):/home/rev/Downloads/rev_data/rev_progs/rev_android_studio/rev_and_studio_sdk/cmake/3.18.1/bin/ninja cmTC_c892b && [1/2] Building CXX object CMakeFiles/cmTC_c892b.dir/CMakeCXXCompilerABI.cpp.o
Android (8490178, based on r450784d) clang version 14.0.6 (https://android.googlesource.com/toolchain/llvm-project 4c603efb0cca074e9238af8b4106c30add4418f6)
Target: armv7-none-linux-android21
Thread model: posix
InstalledDir: /home/rev/Downloads/rev_data/rev_progs/rev_android_studio/rev_ndk/android-ndk-r25-linux/android-ndk-r25/toolchains/llvm/prebuilt/linux-x86_64/bin
 (in-process)
 "/home/rev/Downloads/rev_data/rev_progs/rev_android_studio/rev_ndk/android-ndk-r25-linux/android-ndk-r25/toolchains/llvm/prebuilt/linux-x86_64/bin/clang++" -cc1 -triple thumbv7-none-linux-android21 -emit-obj -mrelax-all --mrelax-relocations -disable-free -clear-ast-before-backend -disable-llvm-verifier -discard-value-names -main-file-name CMakeCXXCompilerABI.cpp -mrelocation-model pic -pic-level 2 -pic-is-pie -mframe-pointer=all -ffp-contract=on -fno-rounding-math -mconstructor-aliases -funwind-tables=1 -target-cpu generic -target-feature +soft-float-abi -target-feature +vfp2 -target-feature +vfp2sp -target-feature +vfp3 -target-feature +vfp3d16 -target-feature +vfp3d16sp -target-feature +vfp3sp -target-feature -fp16 -target-feature -vfp4 -target-feature -vfp4d16 -target-feature -vfp4d16sp -target-feature -vfp4sp -target-feature -fp-armv8 -target-feature -fp-armv8d16 -target-feature -fp-armv8d16sp -target-feature -fp-armv8sp -target-feature -fullfp16 -target-feature +fp64 -target-feature +d32 -target-feature +neon -target-feature -sha2 -target-feature -aes -target-feature -fp16fml -target-abi aapcs-linux -mfloat-abi soft -fallow-half-arguments-and-returns -mllvm -treat-scalable-fixed-error-as-warning -debug-info-kind=constructor -dwarf-version=4 -debugger-tuning=gdb -v -ffunction-sections -fdata-sections -fcoverage-compilation-dir=/home/rev/Downloads/rev_wip/rev_android/rev_react_native/Owki/android/Rev-Lib-WebRTC/.cxx/Debug/6mi2u1f6/armeabi-v7a/CMakeFiles/CMakeTmp -resource-dir /home/rev/Downloads/rev_data/rev_progs/rev_android_studio/rev_ndk/android-ndk-r25-linux/android-ndk-r25/toolchains/llvm/prebuilt/linux-x86_64/lib64/clang/14.0.6 -dependency-file CMakeFiles/cmTC_c892b.dir/CMakeCXXCompilerABI.cpp.o.d -MT CMakeFiles/cmTC_c892b.dir/CMakeCXXCompilerABI.cpp.o -sys-header-deps -D ANDROID -D _FORTIFY_SOURCE=2 -isysroot /home/rev/Downloads/rev_data/rev_progs/rev_android_studio/rev_ndk/android-ndk-r25-linux/android-ndk-r25/toolchains/llvm/prebuilt/linux-x86_64/sysroot -internal-isystem /home/rev/Downloads/rev_data/rev_progs/rev_android_studio/rev_ndk/android-ndk-r25-linux/android-ndk-r25/toolchains/llvm/prebuilt/linux-x86_64/sysroot/usr/include/c++/v1 -internal-isystem /home/rev/Downloads/rev_data/rev_progs/rev_android_studio/rev_ndk/android-ndk-r25-linux/android-ndk-r25/toolchains/llvm/prebuilt/linux-x86_64/lib64/clang/14.0.6/include -internal-isystem /home/rev/Downloads/rev_data/rev_progs/rev_android_studio/rev_ndk/android-ndk-r25-linux/android-ndk-r25/toolchains/llvm/prebuilt/linux-x86_64/sysroot/usr/local/include -internal-externc-isystem /home/rev/Downloads/rev_data/rev_progs/rev_android_studio/rev_ndk/android-ndk-r25-linux/android-ndk-r25/toolchains/llvm/prebuilt/linux-x86_64/sysroot/usr/include/arm-linux-androideabi -internal-externc-isystem /home/rev/Downloads/rev_data/rev_progs/rev_android_studio/rev_ndk/android-ndk-r25-linux/android-ndk-r25/toolchains/llvm/prebuilt/linux-x86_64/sysroot/include -internal-externc-isystem /home/rev/Downloads/rev_data/rev_progs/rev_android_studio/rev_ndk/android-ndk-r25-linux/android-ndk-r25/toolchains/llvm/prebuilt/linux-x86_64/sysroot/usr/include -Wformat -fdeprecated-macro -fdebug-compilation-dir=/home/rev/Downloads/rev_wip/rev_android/rev_react_native/Owki/android/Rev-Lib-WebRTC/.cxx/Debug/6mi2u1f6/armeabi-v7a/CMakeFiles/CMakeTmp -ferror-limit 19 -stack-protector 2 -fno-signed-char -fgnuc-version=4.2.1 -fcxx-exceptions -fexceptions -D__GCC_HAVE_DWARF2_CFI_ASM=1 -o CMakeFiles/cmTC_c892b.dir/CMakeCXXCompilerABI.cpp.o -x c++ /home/rev/Downloads/rev_data/rev_progs/rev_android_studio/rev_and_studio_sdk/cmake/3.18.1/share/cmake-3.18/Modules/CMakeCXXCompilerABI.cpp
clang -cc1 version 14.0.6 based upon LLVM 14.0.6git default target x86_64-unknown-linux-gnu
ignoring nonexistent directory "/home/rev/Downloads/rev_data/rev_progs/rev_android_studio/rev_ndk/android-ndk-r25-linux/android-ndk-r25/toolchains/llvm/prebuilt/linux-x86_64/sysroot/include"
#include "..." search starts here:
#include <...> search starts here:
 /home/rev/Downloads/rev_data/rev_progs/rev_android_studio/rev_ndk/android-ndk-r25-linux/android-ndk-r25/toolchains/llvm/prebuilt/linux-x86_64/sysroot/usr/include/c++/v1
 /home/rev/Downloads/rev_data/rev_progs/rev_android_studio/rev_ndk/android-ndk-r25-linux/android-ndk-r25/toolchains/llvm/prebuilt/linux-x86_64/lib64/clang/14.0.6/include
 /home/rev/Downloads/rev_data/rev_progs/rev_android_studio/rev_ndk/android-ndk-r25-linux/android-ndk-r25/toolchains/llvm/prebuilt/linux-x86_64/sysroot/usr/local/include
 /home/rev/Downloads/rev_data/rev_progs/rev_android_studio/rev_ndk/android-ndk-r25-linux/android-ndk-r25/toolchains/llvm/prebuilt/linux-x86_64/sysroot/usr/include/arm-linux-androideabi
 /home/rev/Downloads/rev_data/rev_progs/rev_android_studio/rev_ndk/android-ndk-r25-linux/android-ndk-r25/toolchains/llvm/prebuilt/linux-x86_64/sysroot/usr/include
End of search list.
[2/2] Linking CXX executable cmTC_c892b
Android (8490178, based on r450784d) clang version 14.0.6 (https://android.googlesource.com/toolchain/llvm-project 4c603efb0cca074e9238af8b4106c30add4418f6)
Target: armv7-none-linux-android21
Thread model: posix
InstalledDir: /home/rev/Downloads/rev_data/rev_progs/rev_android_studio/rev_ndk/android-ndk-r25-linux/android-ndk-r25/toolchains/llvm/prebuilt/linux-x86_64/bin
 "/home/rev/Downloads/rev_data/rev_progs/rev_android_studio/rev_ndk/android-ndk-r25-linux/android-ndk-r25/toolchains/llvm/prebuilt/linux-x86_64/bin/ld" --sysroot=/home/rev/Downloads/rev_data/rev_progs/rev_android_studio/rev_ndk/android-ndk-r25-linux/android-ndk-r25/toolchains/llvm/prebuilt/linux-x86_64/sysroot -pie -EL --warn-shared-textrel -z now -z relro -z max-page-size=4096 -X --hash-style=gnu --hash-style=both --enable-new-dtags --eh-frame-hdr -m armelf_linux_eabi -dynamic-linker /system/bin/linker -o cmTC_c892b /home/rev/Downloads/rev_data/rev_progs/rev_android_studio/rev_ndk/android-ndk-r25-linux/android-ndk-r25/toolchains/llvm/prebuilt/linux-x86_64/sysroot/usr/lib/arm-linux-androideabi/21/crtbegin_dynamic.o -L/home/rev/Downloads/rev_data/rev_progs/rev_android_studio/rev_ndk/android-ndk-r25-linux/android-ndk-r25/toolchains/llvm/prebuilt/linux-x86_64/lib64/clang/14.0.6/lib/linux/arm -L/home/rev/Downloads/rev_data/rev_progs/rev_android_studio/rev_ndk/android-ndk-r25-linux/android-ndk-r25/toolchains/llvm/prebuilt/linux-x86_64/sysroot/usr/lib/arm-linux-androideabi/21 -L/home/rev/Downloads/rev_data/rev_progs/rev_android_studio/rev_ndk/android-ndk-r25-linux/android-ndk-r25/toolchains/llvm/prebuilt/linux-x86_64/sysroot/usr/lib/arm-linux-androideabi -L/home/rev/Downloads/rev_data/rev_progs/rev_android_studio/rev_ndk/android-ndk-r25-linux/android-ndk-r25/toolchains/llvm/prebuilt/linux-x86_64/sysroot/usr/lib/../lib -L/home/rev/Downloads/rev_data/rev_progs/rev_android_studio/rev_ndk/android-ndk-r25-linux/android-ndk-r25/toolchains/llvm/prebuilt/linux-x86_64/sysroot/usr/lib --build-id=sha1 --no-rosegment --fatal-warnings --gc-sections --no-undefined --gc-sections CMakeFiles/cmTC_c892b.dir/CMakeCXXCompilerABI.cpp.o -Bstatic -lc++ -Bdynamic -lm /home/rev/Downloads/rev_data/rev_progs/rev_android_studio/rev_ndk/android-ndk-r25-linux/android-ndk-r25/toolchains/llvm/prebuilt/linux-x86_64/lib64/clang/14.0.6/lib/linux/libclang_rt.builtins-arm-android.a -l:libunwind.a -ldl -lc /home/rev/Downloads/rev_data/rev_progs/rev_android_studio/rev_ndk/android-ndk-r25-linux/android-ndk-r25/toolchains/llvm/prebuilt/linux-x86_64/lib64/clang/14.0.6/lib/linux/libclang_rt.builtins-arm-android.a -l:libunwind.a -ldl /home/rev/Downloads/rev_data/rev_progs/rev_android_studio/rev_ndk/android-ndk-r25-linux/android-ndk-r25/toolchains/llvm/prebuilt/linux-x86_64/sysroot/usr/lib/arm-linux-androideabi/21/crtend_android.o



Parsed CXX implicit include dir info from above output: rv=done
  found start of include info
  found start of implicit include info
    add: [/home/rev/Downloads/rev_data/rev_progs/rev_android_studio/rev_ndk/android-ndk-r25-linux/android-ndk-r25/toolchains/llvm/prebuilt/linux-x86_64/sysroot/usr/include/c++/v1]
    add: [/home/rev/Downloads/rev_data/rev_progs/rev_android_studio/rev_ndk/android-ndk-r25-linux/android-ndk-r25/toolchains/llvm/prebuilt/linux-x86_64/lib64/clang/14.0.6/include]
    add: [/home/rev/Downloads/rev_data/rev_progs/rev_android_studio/rev_ndk/android-ndk-r25-linux/android-ndk-r25/toolchains/llvm/prebuilt/linux-x86_64/sysroot/usr/local/include]
    add: [/home/rev/Downloads/rev_data/rev_progs/rev_android_studio/rev_ndk/android-ndk-r25-linux/android-ndk-r25/toolchains/llvm/prebuilt/linux-x86_64/sysroot/usr/include/arm-linux-androideabi]
    add: [/home/rev/Downloads/rev_data/rev_progs/rev_android_studio/rev_ndk/android-ndk-r25-linux/android-ndk-r25/toolchains/llvm/prebuilt/linux-x86_64/sysroot/usr/include]
  end of search list found
  collapse include dir [/home/rev/Downloads/rev_data/rev_progs/rev_android_studio/rev_ndk/android-ndk-r25-linux/android-ndk-r25/toolchains/llvm/prebuilt/linux-x86_64/sysroot/usr/include/c++/v1] ==> [/home/rev/Downloads/rev_data/rev_progs/rev_android_studio/rev_ndk/android-ndk-r25-linux/android-ndk-r25/toolchains/llvm/prebuilt/linux-x86_64/sysroot/usr/include/c++/v1]
  collapse include dir [/home/rev/Downloads/rev_data/rev_progs/rev_android_studio/rev_ndk/android-ndk-r25-linux/android-ndk-r25/toolchains/llvm/prebuilt/linux-x86_64/lib64/clang/14.0.6/include] ==> [/home/rev/Downloads/rev_data/rev_progs/rev_android_studio/rev_ndk/android-ndk-r25-linux/android-ndk-r25/toolchains/llvm/prebuilt/linux-x86_64/lib64/clang/14.0.6/include]
  collapse include dir [/home/rev/Downloads/rev_data/rev_progs/rev_android_studio/rev_ndk/android-ndk-r25-linux/android-ndk-r25/toolchains/llvm/prebuilt/linux-x86_64/sysroot/usr/local/include] ==> [/home/rev/Downloads/rev_data/rev_progs/rev_android_studio/rev_ndk/android-ndk-r25-linux/android-ndk-r25/toolchains/llvm/prebuilt/linux-x86_64/sysroot/usr/local/include]
  collapse include dir [/home/rev/Downloads/rev_data/rev_progs/rev_android_studio/rev_ndk/android-ndk-r25-linux/android-ndk-r25/toolchains/llvm/prebuilt/linux-x86_64/sysroot/usr/include/arm-linux-androideabi] ==> [/home/rev/Downloads/rev_data/rev_progs/rev_android_studio/rev_ndk/android-ndk-r25-linux/android-ndk-r25/toolchains/llvm/prebuilt/linux-x86_64/sysroot/usr/include/arm-linux-androideabi]
  collapse include dir [/home/rev/Downloads/rev_data/rev_progs/rev_android_studio/rev_ndk/android-ndk-r25-linux/android-ndk-r25/toolchains/llvm/prebuilt/linux-x86_64/sysroot/usr/include] ==> [/home/rev/Downloads/rev_data/rev_progs/rev_android_studio/rev_ndk/android-ndk-r25-linux/android-ndk-r25/toolchains/llvm/prebuilt/linux-x86_64/sysroot/usr/include]
  implicit include dirs: [/home/rev/Downloads/rev_data/rev_progs/rev_android_studio/rev_ndk/android-ndk-r25-linux/android-ndk-r25/toolchains/llvm/prebuilt/linux-x86_64/sysroot/usr/include/c++/v1;/home/rev/Downloads/rev_data/rev_progs/rev_android_studio/rev_ndk/android-ndk-r25-linux/android-ndk-r25/toolchains/llvm/prebuilt/linux-x86_64/lib64/clang/14.0.6/include;/home/rev/Downloads/rev_data/rev_progs/rev_android_studio/rev_ndk/android-ndk-r25-linux/android-ndk-r25/toolchains/llvm/prebuilt/linux-x86_64/sysroot/usr/local/include;/home/rev/Downloads/rev_data/rev_progs/rev_android_studio/rev_ndk/android-ndk-r25-linux/android-ndk-r25/toolchains/llvm/prebuilt/linux-x86_64/sysroot/usr/include/arm-linux-androideabi;/home/rev/Downloads/rev_data/rev_progs/rev_android_studio/rev_ndk/android-ndk-r25-linux/android-ndk-r25/toolchains/llvm/prebuilt/linux-x86_64/sysroot/usr/include]


Parsed CXX implicit link information from above output:
  link line regex: [^( *|.*[/\])(ld\.lld|CMAKE_LINK_STARTFILE-NOTFOUND|([^/\]+-)?ld|collect2)[^/\]*( |$)]
  ignore line: [Change Dir: /home/rev/Downloads/rev_wip/rev_android/rev_react_native/Owki/android/Rev-Lib-WebRTC/.cxx/Debug/6mi2u1f6/armeabi-v7a/CMakeFiles/CMakeTmp]
  ignore line: []
  ignore line: [Run Build Command(s):/home/rev/Downloads/rev_data/rev_progs/rev_android_studio/rev_and_studio_sdk/cmake/3.18.1/bin/ninja cmTC_c892b && [1/2] Building CXX object CMakeFiles/cmTC_c892b.dir/CMakeCXXCompilerABI.cpp.o]
  ignore line: [Android (8490178  based on r450784d) clang version 14.0.6 (https://android.googlesource.com/toolchain/llvm-project 4c603efb0cca074e9238af8b4106c30add4418f6)]
  ignore line: [Target: armv7-none-linux-android21]
  ignore line: [Thread model: posix]
  ignore line: [InstalledDir: /home/rev/Downloads/rev_data/rev_progs/rev_android_studio/rev_ndk/android-ndk-r25-linux/android-ndk-r25/toolchains/llvm/prebuilt/linux-x86_64/bin]
  ignore line: [ (in-process)]
  ignore line: [ "/home/rev/Downloads/rev_data/rev_progs/rev_android_studio/rev_ndk/android-ndk-r25-linux/android-ndk-r25/toolchains/llvm/prebuilt/linux-x86_64/bin/clang++" -cc1 -triple thumbv7-none-linux-android21 -emit-obj -mrelax-all --mrelax-relocations -disable-free -clear-ast-before-backend -disable-llvm-verifier -discard-value-names -main-file-name CMakeCXXCompilerABI.cpp -mrelocation-model pic -pic-level 2 -pic-is-pie -mframe-pointer=all -ffp-contract=on -fno-rounding-math -mconstructor-aliases -funwind-tables=1 -target-cpu generic -target-feature +soft-float-abi -target-feature +vfp2 -target-feature +vfp2sp -target-feature +vfp3 -target-feature +vfp3d16 -target-feature +vfp3d16sp -target-feature +vfp3sp -target-feature -fp16 -target-feature -vfp4 -target-feature -vfp4d16 -target-feature -vfp4d16sp -target-feature -vfp4sp -target-feature -fp-armv8 -target-feature -fp-armv8d16 -target-feature -fp-armv8d16sp -target-feature -fp-armv8sp -target-feature -fullfp16 -target-feature +fp64 -target-feature +d32 -target-feature +neon -target-feature -sha2 -target-feature -aes -target-feature -fp16fml -target-abi aapcs-linux -mfloat-abi soft -fallow-half-arguments-and-returns -mllvm -treat-scalable-fixed-error-as-warning -debug-info-kind=constructor -dwarf-version=4 -debugger-tuning=gdb -v -ffunction-sections -fdata-sections -fcoverage-compilation-dir=/home/rev/Downloads/rev_wip/rev_android/rev_react_native/Owki/android/Rev-Lib-WebRTC/.cxx/Debug/6mi2u1f6/armeabi-v7a/CMakeFiles/CMakeTmp -resource-dir /home/rev/Downloads/rev_data/rev_progs/rev_android_studio/rev_ndk/android-ndk-r25-linux/android-ndk-r25/toolchains/llvm/prebuilt/linux-x86_64/lib64/clang/14.0.6 -dependency-file CMakeFiles/cmTC_c892b.dir/CMakeCXXCompilerABI.cpp.o.d -MT CMakeFiles/cmTC_c892b.dir/CMakeCXXCompilerABI.cpp.o -sys-header-deps -D ANDROID -D _FORTIFY_SOURCE=2 -isysroot /home/rev/Downloads/rev_data/rev_progs/rev_android_studio/rev_ndk/android-ndk-r25-linux/android-ndk-r25/toolchains/llvm/prebuilt/linux-x86_64/sysroot -internal-isystem /home/rev/Downloads/rev_data/rev_progs/rev_android_studio/rev_ndk/android-ndk-r25-linux/android-ndk-r25/toolchains/llvm/prebuilt/linux-x86_64/sysroot/usr/include/c++/v1 -internal-isystem /home/rev/Downloads/rev_data/rev_progs/rev_android_studio/rev_ndk/android-ndk-r25-linux/android-ndk-r25/toolchains/llvm/prebuilt/linux-x86_64/lib64/clang/14.0.6/include -internal-isystem /home/rev/Downloads/rev_data/rev_progs/rev_android_studio/rev_ndk/android-ndk-r25-linux/android-ndk-r25/toolchains/llvm/prebuilt/linux-x86_64/sysroot/usr/local/include -internal-externc-isystem /home/rev/Downloads/rev_data/rev_progs/rev_android_studio/rev_ndk/android-ndk-r25-linux/android-ndk-r25/toolchains/llvm/prebuilt/linux-x86_64/sysroot/usr/include/arm-linux-androideabi -internal-externc-isystem /home/rev/Downloads/rev_data/rev_progs/rev_android_studio/rev_ndk/android-ndk-r25-linux/android-ndk-r25/toolchains/llvm/prebuilt/linux-x86_64/sysroot/include -internal-externc-isystem /home/rev/Downloads/rev_data/rev_progs/rev_android_studio/rev_ndk/android-ndk-r25-linux/android-ndk-r25/toolchains/llvm/prebuilt/linux-x86_64/sysroot/usr/include -Wformat -fdeprecated-macro -fdebug-compilation-dir=/home/rev/Downloads/rev_wip/rev_android/rev_react_native/Owki/android/Rev-Lib-WebRTC/.cxx/Debug/6mi2u1f6/armeabi-v7a/CMakeFiles/CMakeTmp -ferror-limit 19 -stack-protector 2 -fno-signed-char -fgnuc-version=4.2.1 -fcxx-exceptions -fexceptions -D__GCC_HAVE_DWARF2_CFI_ASM=1 -o CMakeFiles/cmTC_c892b.dir/CMakeCXXCompilerABI.cpp.o -x c++ /home/rev/Downloads/rev_data/rev_progs/rev_android_studio/rev_and_studio_sdk/cmake/3.18.1/share/cmake-3.18/Modules/CMakeCXXCompilerABI.cpp]
  ignore line: [clang -cc1 version 14.0.6 based upon LLVM 14.0.6git default target x86_64-unknown-linux-gnu]
  ignore line: [ignoring nonexistent directory "/home/rev/Downloads/rev_data/rev_progs/rev_android_studio/rev_ndk/android-ndk-r25-linux/android-ndk-r25/toolchains/llvm/prebuilt/linux-x86_64/sysroot/include"]
  ignore line: [#include "..." search starts here:]
  ignore line: [#include <...> search starts here:]
  ignore line: [ /home/rev/Downloads/rev_data/rev_progs/rev_android_studio/rev_ndk/android-ndk-r25-linux/android-ndk-r25/toolchains/llvm/prebuilt/linux-x86_64/sysroot/usr/include/c++/v1]
  ignore line: [ /home/rev/Downloads/rev_data/rev_progs/rev_android_studio/rev_ndk/android-ndk-r25-linux/android-ndk-r25/toolchains/llvm/prebuilt/linux-x86_64/lib64/clang/14.0.6/include]
  ignore line: [ /home/rev/Downloads/rev_data/rev_progs/rev_android_studio/rev_ndk/android-ndk-r25-linux/android-ndk-r25/toolchains/llvm/prebuilt/linux-x86_64/sysroot/usr/local/include]
  ignore line: [ /home/rev/Downloads/rev_data/rev_progs/rev_android_studio/rev_ndk/android-ndk-r25-linux/android-ndk-r25/toolchains/llvm/prebuilt/linux-x86_64/sysroot/usr/include/arm-linux-androideabi]
  ignore line: [ /home/rev/Downloads/rev_data/rev_progs/rev_android_studio/rev_ndk/android-ndk-r25-linux/android-ndk-r25/toolchains/llvm/prebuilt/linux-x86_64/sysroot/usr/include]
  ignore line: [End of search list.]
  ignore line: [[2/2] Linking CXX executable cmTC_c892b]
  ignore line: [Android (8490178  based on r450784d) clang version 14.0.6 (https://android.googlesource.com/toolchain/llvm-project 4c603efb0cca074e9238af8b4106c30add4418f6)]
  ignore line: [Target: armv7-none-linux-android21]
  ignore line: [Thread model: posix]
  ignore line: [InstalledDir: /home/rev/Downloads/rev_data/rev_progs/rev_android_studio/rev_ndk/android-ndk-r25-linux/android-ndk-r25/toolchains/llvm/prebuilt/linux-x86_64/bin]
  link line: [ "/home/rev/Downloads/rev_data/rev_progs/rev_android_studio/rev_ndk/android-ndk-r25-linux/android-ndk-r25/toolchains/llvm/prebuilt/linux-x86_64/bin/ld" --sysroot=/home/rev/Downloads/rev_data/rev_progs/rev_android_studio/rev_ndk/android-ndk-r25-linux/android-ndk-r25/toolchains/llvm/prebuilt/linux-x86_64/sysroot -pie -EL --warn-shared-textrel -z now -z relro -z max-page-size=4096 -X --hash-style=gnu --hash-style=both --enable-new-dtags --eh-frame-hdr -m armelf_linux_eabi -dynamic-linker /system/bin/linker -o cmTC_c892b /home/rev/Downloads/rev_data/rev_progs/rev_android_studio/rev_ndk/android-ndk-r25-linux/android-ndk-r25/toolchains/llvm/prebuilt/linux-x86_64/sysroot/usr/lib/arm-linux-androideabi/21/crtbegin_dynamic.o -L/home/rev/Downloads/rev_data/rev_progs/rev_android_studio/rev_ndk/android-ndk-r25-linux/android-ndk-r25/toolchains/llvm/prebuilt/linux-x86_64/lib64/clang/14.0.6/lib/linux/arm -L/home/rev/Downloads/rev_data/rev_progs/rev_android_studio/rev_ndk/android-ndk-r25-linux/android-ndk-r25/toolchains/llvm/prebuilt/linux-x86_64/sysroot/usr/lib/arm-linux-androideabi/21 -L/home/rev/Downloads/rev_data/rev_progs/rev_android_studio/rev_ndk/android-ndk-r25-linux/android-ndk-r25/toolchains/llvm/prebuilt/linux-x86_64/sysroot/usr/lib/arm-linux-androideabi -L/home/rev/Downloads/rev_data/rev_progs/rev_android_studio/rev_ndk/android-ndk-r25-linux/android-ndk-r25/toolchains/llvm/prebuilt/linux-x86_64/sysroot/usr/lib/../lib -L/home/rev/Downloads/rev_data/rev_progs/rev_android_studio/rev_ndk/android-ndk-r25-linux/android-ndk-r25/toolchains/llvm/prebuilt/linux-x86_64/sysroot/usr/lib --build-id=sha1 --no-rosegment --fatal-warnings --gc-sections --no-undefined --gc-sections CMakeFiles/cmTC_c892b.dir/CMakeCXXCompilerABI.cpp.o -Bstatic -lc++ -Bdynamic -lm /home/rev/Downloads/rev_data/rev_progs/rev_android_studio/rev_ndk/android-ndk-r25-linux/android-ndk-r25/toolchains/llvm/prebuilt/linux-x86_64/lib64/clang/14.0.6/lib/linux/libclang_rt.builtins-arm-android.a -l:libunwind.a -ldl -lc /home/rev/Downloads/rev_data/rev_progs/rev_android_studio/rev_ndk/android-ndk-r25-linux/android-ndk-r25/toolchains/llvm/prebuilt/linux-x86_64/lib64/clang/14.0.6/lib/linux/libclang_rt.builtins-arm-android.a -l:libunwind.a -ldl /home/rev/Downloads/rev_data/rev_progs/rev_android_studio/rev_ndk/android-ndk-r25-linux/android-ndk-r25/toolchains/llvm/prebuilt/linux-x86_64/sysroot/usr/lib/arm-linux-androideabi/21/crtend_android.o]
    arg [/home/rev/Downloads/rev_data/rev_progs/rev_android_studio/rev_ndk/android-ndk-r25-linux/android-ndk-r25/toolchains/llvm/prebuilt/linux-x86_64/bin/ld] ==> ignore
    arg [--sysroot=/home/rev/Downloads/rev_data/rev_progs/rev_android_studio/rev_ndk/android-ndk-r25-linux/android-ndk-r25/toolchains/llvm/prebuilt/linux-x86_64/sysroot] ==> ignore
    arg [-pie] ==> ignore
    arg [-EL] ==> ignore
    arg [--warn-shared-textrel] ==> ignore
    arg [-znow] ==> ignore
    arg [-zrelro] ==> ignore
    arg [-zmax-page-size=4096] ==> ignore
    arg [-X] ==> ignore
    arg [--hash-style=gnu] ==> ignore
    arg [--hash-style=both] ==> ignore
    arg [--enable-new-dtags] ==> ignore
    arg [--eh-frame-hdr] ==> ignore
    arg [-m] ==> ignore
    arg [armelf_linux_eabi] ==> ignore
    arg [-dynamic-linker] ==> ignore
    arg [/system/bin/linker] ==> ignore
    arg [-o] ==> ignore
    arg [cmTC_c892b] ==> ignore
    arg [/home/rev/Downloads/rev_data/rev_progs/rev_android_studio/rev_ndk/android-ndk-r25-linux/android-ndk-r25/toolchains/llvm/prebuilt/linux-x86_64/sysroot/usr/lib/arm-linux-androideabi/21/crtbegin_dynamic.o] ==> ignore
    arg [-L/home/rev/Downloads/rev_data/rev_progs/rev_android_studio/rev_ndk/android-ndk-r25-linux/android-ndk-r25/toolchains/llvm/prebuilt/linux-x86_64/lib64/clang/14.0.6/lib/linux/arm] ==> dir [/home/rev/Downloads/rev_data/rev_progs/rev_android_studio/rev_ndk/android-ndk-r25-linux/android-ndk-r25/toolchains/llvm/prebuilt/linux-x86_64/lib64/clang/14.0.6/lib/linux/arm]
    arg [-L/home/rev/Downloads/rev_data/rev_progs/rev_android_studio/rev_ndk/android-ndk-r25-linux/android-ndk-r25/toolchains/llvm/prebuilt/linux-x86_64/sysroot/usr/lib/arm-linux-androideabi/21] ==> dir [/home/rev/Downloads/rev_data/rev_progs/rev_android_studio/rev_ndk/android-ndk-r25-linux/android-ndk-r25/toolchains/llvm/prebuilt/linux-x86_64/sysroot/usr/lib/arm-linux-androideabi/21]
    arg [-L/home/rev/Downloads/rev_data/rev_progs/rev_android_studio/rev_ndk/android-ndk-r25-linux/android-ndk-r25/toolchains/llvm/prebuilt/linux-x86_64/sysroot/usr/lib/arm-linux-androideabi] ==> dir [/home/rev/Downloads/rev_data/rev_progs/rev_android_studio/rev_ndk/android-ndk-r25-linux/android-ndk-r25/toolchains/llvm/prebuilt/linux-x86_64/sysroot/usr/lib/arm-linux-androideabi]
    arg [-L/home/rev/Downloads/rev_data/rev_progs/rev_android_studio/rev_ndk/android-ndk-r25-linux/android-ndk-r25/toolchains/llvm/prebuilt/linux-x86_64/sysroot/usr/lib/../lib] ==> dir [/home/rev/Downloads/rev_data/rev_progs/rev_android_studio/rev_ndk/android-ndk-r25-linux/android-ndk-r25/toolchains/llvm/prebuilt/linux-x86_64/sysroot/usr/lib/../lib]
    arg [-L/home/rev/Downloads/rev_data/rev_progs/rev_android_studio/rev_ndk/android-ndk-r25-linux/android-ndk-r25/toolchains/llvm/prebuilt/linux-x86_64/sysroot/usr/lib] ==> dir [/home/rev/Downloads/rev_data/rev_progs/rev_android_studio/rev_ndk/android-ndk-r25-linux/android-ndk-r25/toolchains/llvm/prebuilt/linux-x86_64/sysroot/usr/lib]
    arg [--build-id=sha1] ==> ignore
    arg [--no-rosegment] ==> ignore
    arg [--fatal-warnings] ==> ignore
    arg [--gc-sections] ==> ignore
    arg [--no-undefined] ==> ignore
    arg [--gc-sections] ==> ignore
    arg [CMakeFiles/cmTC_c892b.dir/CMakeCXXCompilerABI.cpp.o] ==> ignore
    arg [-Bstatic] ==> ignore
    arg [-lc++] ==> lib [c++]
    arg [-Bdynamic] ==> ignore
    arg [-lm] ==> lib [m]
    arg [/home/rev/Downloads/rev_data/rev_progs/rev_android_studio/rev_ndk/android-ndk-r25-linux/android-ndk-r25/toolchains/llvm/prebuilt/linux-x86_64/lib64/clang/14.0.6/lib/linux/libclang_rt.builtins-arm-android.a] ==> lib [/home/rev/Downloads/rev_data/rev_progs/rev_android_studio/rev_ndk/android-ndk-r25-linux/android-ndk-r25/toolchains/llvm/prebuilt/linux-x86_64/lib64/clang/14.0.6/lib/linux/libclang_rt.builtins-arm-android.a]
    arg [-l:libunwind.a] ==> lib [-l:libunwind.a]
    arg [-ldl] ==> lib [dl]
    arg [-lc] ==> lib [c]
    arg [/home/rev/Downloads/rev_data/rev_progs/rev_android_studio/rev_ndk/android-ndk-r25-linux/android-ndk-r25/toolchains/llvm/prebuilt/linux-x86_64/lib64/clang/14.0.6/lib/linux/libclang_rt.builtins-arm-android.a] ==> lib [/home/rev/Downloads/rev_data/rev_progs/rev_android_studio/rev_ndk/android-ndk-r25-linux/android-ndk-r25/toolchains/llvm/prebuilt/linux-x86_64/lib64/clang/14.0.6/lib/linux/libclang_rt.builtins-arm-android.a]
    arg [-l:libunwind.a] ==> lib [-l:libunwind.a]
    arg [-ldl] ==> lib [dl]
    arg [/home/rev/Downloads/rev_data/rev_progs/rev_android_studio/rev_ndk/android-ndk-r25-linux/android-ndk-r25/toolchains/llvm/prebuilt/linux-x86_64/sysroot/usr/lib/arm-linux-androideabi/21/crtend_android.o] ==> ignore
  remove lib [/home/rev/Downloads/rev_data/rev_progs/rev_android_studio/rev_ndk/android-ndk-r25-linux/android-ndk-r25/toolchains/llvm/prebuilt/linux-x86_64/lib64/clang/14.0.6/lib/linux/libclang_rt.builtins-arm-android.a]
  remove lib [/home/rev/Downloads/rev_data/rev_progs/rev_android_studio/rev_ndk/android-ndk-r25-linux/android-ndk-r25/toolchains/llvm/prebuilt/linux-x86_64/lib64/clang/14.0.6/lib/linux/libclang_rt.builtins-arm-android.a]
  collapse library dir [/home/rev/Downloads/rev_data/rev_progs/rev_android_studio/rev_ndk/android-ndk-r25-linux/android-ndk-r25/toolchains/llvm/prebuilt/linux-x86_64/lib64/clang/14.0.6/lib/linux/arm] ==> [/home/rev/Downloads/rev_data/rev_progs/rev_android_studio/rev_ndk/android-ndk-r25-linux/android-ndk-r25/toolchains/llvm/prebuilt/linux-x86_64/lib64/clang/14.0.6/lib/linux/arm]
  collapse library dir [/home/rev/Downloads/rev_data/rev_progs/rev_android_studio/rev_ndk/android-ndk-r25-linux/android-ndk-r25/toolchains/llvm/prebuilt/linux-x86_64/sysroot/usr/lib/arm-linux-androideabi/21] ==> [/home/rev/Downloads/rev_data/rev_progs/rev_android_studio/rev_ndk/android-ndk-r25-linux/android-ndk-r25/toolchains/llvm/prebuilt/linux-x86_64/sysroot/usr/lib/arm-linux-androideabi/21]
  collapse library dir [/home/rev/Downloads/rev_data/rev_progs/rev_android_studio/rev_ndk/android-ndk-r25-linux/android-ndk-r25/toolchains/llvm/prebuilt/linux-x86_64/sysroot/usr/lib/arm-linux-androideabi] ==> [/home/rev/Downloads/rev_data/rev_progs/rev_android_studio/rev_ndk/android-ndk-r25-linux/android-ndk-r25/toolchains/llvm/prebuilt/linux-x86_64/sysroot/usr/lib/arm-linux-androideabi]
  collapse library dir [/home/rev/Downloads/rev_data/rev_progs/rev_android_studio/rev_ndk/android-ndk-r25-linux/android-ndk-r25/toolchains/llvm/prebuilt/linux-x86_64/sysroot/usr/lib/../lib] ==> [/home/rev/Downloads/rev_data/rev_progs/rev_android_studio/rev_ndk/android-ndk-r25-linux/android-ndk-r25/toolchains/llvm/prebuilt/linux-x86_64/sysroot/usr/lib]
  collapse library dir [/home/rev/Downloads/rev_data/rev_progs/rev_android_studio/rev_ndk/android-ndk-r25-linux/android-ndk-r25/toolchains/llvm/prebuilt/linux-x86_64/sysroot/usr/lib] ==> [/home/rev/Downloads/rev_data/rev_progs/rev_android_studio/rev_ndk/android-ndk-r25-linux/android-ndk-r25/toolchains/llvm/prebuilt/linux-x86_64/sysroot/usr/lib]
  implicit libs: [c++;m;-l:libunwind.a;dl;c;-l:libunwind.a;dl]
  implicit dirs: [/home/rev/Downloads/rev_data/rev_progs/rev_android_studio/rev_ndk/android-ndk-r25-linux/android-ndk-r25/toolchains/llvm/prebuilt/linux-x86_64/lib64/clang/14.0.6/lib/linux/arm;/home/rev/Downloads/rev_data/rev_progs/rev_android_studio/rev_ndk/android-ndk-r25-linux/android-ndk-r25/toolchains/llvm/prebuilt/linux-x86_64/sysroot/usr/lib/arm-linux-androideabi/21;/home/rev/Downloads/rev_data/rev_progs/rev_android_studio/rev_ndk/android-ndk-r25-linux/android-ndk-r25/toolchains/llvm/prebuilt/linux-x86_64/sysroot/usr/lib/arm-linux-androideabi;/home/rev/Downloads/rev_data/rev_progs/rev_android_studio/rev_ndk/android-ndk-r25-linux/android-ndk-r25/toolchains/llvm/prebuilt/linux-x86_64/sysroot/usr/lib]
  implicit fwks: []


